The system is: Darwin - 13.2.0 - i386
Compiling the C compiler identification source file "CMakeCCompilerId.c" succeeded.
Compiler: /usr/bin/cc 
Build flags: 
Id flags: 

The output was:
0


Compilation of the C compiler identification source "CMakeCCompilerId.c" produced "a.out"

The C compiler identification is Clang, found in "/Users/ptseng/Developer/C/CodonCount-C/CodonCount-C/library/jansson-2.6/build/CMakeFiles/2.8.12.2/CompilerIdC/a.out"

Determining if the C compiler works passed with the following output:
Change Dir: /Users/ptseng/Developer/C/CodonCount-C/CodonCount-C/library/jansson-2.6/build/CMakeFiles/CMakeTmp

Run Build Command:/usr/bin/make "cmTryCompileExec1138674145/fast"
/Applications/Xcode.app/Contents/Developer/usr/bin/make -f CMakeFiles/cmTryCompileExec1138674145.dir/build.make CMakeFiles/cmTryCompileExec1138674145.dir/build
/usr/local/Cellar/cmake/2.8.12.2/bin/cmake -E cmake_progress_report /Users/ptseng/Developer/C/CodonCount-C/CodonCount-C/library/jansson-2.6/build/CMakeFiles/CMakeTmp/CMakeFiles 1
Building C object CMakeFiles/cmTryCompileExec1138674145.dir/testCCompiler.c.o
/usr/bin/cc    -o CMakeFiles/cmTryCompileExec1138674145.dir/testCCompiler.c.o   -c /Users/ptseng/Developer/C/CodonCount-C/CodonCount-C/library/jansson-2.6/build/CMakeFiles/CMakeTmp/testCCompiler.c
Linking C executable cmTryCompileExec1138674145
/usr/local/Cellar/cmake/2.8.12.2/bin/cmake -E cmake_link_script CMakeFiles/cmTryCompileExec1138674145.dir/link.txt --verbose=1
/usr/bin/cc    -Wl,-search_paths_first -Wl,-headerpad_max_install_names   CMakeFiles/cmTryCompileExec1138674145.dir/testCCompiler.c.o  -o cmTryCompileExec1138674145  


Detecting C compiler ABI info compiled with the following output:
Change Dir: /Users/ptseng/Developer/C/CodonCount-C/CodonCount-C/library/jansson-2.6/build/CMakeFiles/CMakeTmp

Run Build Command:/usr/bin/make "cmTryCompileExec1507495861/fast"
/Applications/Xcode.app/Contents/Developer/usr/bin/make -f CMakeFiles/cmTryCompileExec1507495861.dir/build.make CMakeFiles/cmTryCompileExec1507495861.dir/build
/usr/local/Cellar/cmake/2.8.12.2/bin/cmake -E cmake_progress_report /Users/ptseng/Developer/C/CodonCount-C/CodonCount-C/library/jansson-2.6/build/CMakeFiles/CMakeTmp/CMakeFiles 1
Building C object CMakeFiles/cmTryCompileExec1507495861.dir/CMakeCCompilerABI.c.o
/usr/bin/cc    -o CMakeFiles/cmTryCompileExec1507495861.dir/CMakeCCompilerABI.c.o   -c /usr/local/Cellar/cmake/2.8.12.2/share/cmake/Modules/CMakeCCompilerABI.c
Linking C executable cmTryCompileExec1507495861
/usr/local/Cellar/cmake/2.8.12.2/bin/cmake -E cmake_link_script CMakeFiles/cmTryCompileExec1507495861.dir/link.txt --verbose=1
/usr/bin/cc    -Wl,-search_paths_first -Wl,-headerpad_max_install_names -v -Wl,-v CMakeFiles/cmTryCompileExec1507495861.dir/CMakeCCompilerABI.c.o  -o cmTryCompileExec1507495861   
Apple LLVM version 5.1 (clang-503.0.40) (based on LLVM 3.4svn)
Target: x86_64-apple-darwin13.2.0
Thread model: posix
 "/Applications/Xcode.app/Contents/Developer/Toolchains/XcodeDefault.xctoolchain/usr/bin/ld" -demangle -dynamic -arch x86_64 -macosx_version_min 10.9.0 -o cmTryCompileExec1507495861 -search_paths_first -headerpad_max_install_names -v CMakeFiles/cmTryCompileExec1507495861.dir/CMakeCCompilerABI.c.o -lSystem /Applications/Xcode.app/Contents/Developer/Toolchains/XcodeDefault.xctoolchain/usr/bin/../lib/clang/5.1/lib/darwin/libclang_rt.osx.a
@(#)PROGRAM:ld  PROJECT:ld64-236.4
configured to support archs: armv6 armv7 armv7s arm64 i386 x86_64 armv6m armv7m armv7em
Library search paths:
	/usr/lib
	/usr/local/lib
Framework search paths:
	/Library/Frameworks/
	/System/Library/Frameworks/


Parsed C implicit link information from above output:
  link line regex: [^( *|.*[/\])(ld|([^/\]+-)?ld|collect2)[^/\]*( |$)]
  ignore line: [Change Dir: /Users/ptseng/Developer/C/CodonCount-C/CodonCount-C/library/jansson-2.6/build/CMakeFiles/CMakeTmp]
  ignore line: []
  ignore line: [Run Build Command:/usr/bin/make "cmTryCompileExec1507495861/fast"]
  ignore line: [/Applications/Xcode.app/Contents/Developer/usr/bin/make -f CMakeFiles/cmTryCompileExec1507495861.dir/build.make CMakeFiles/cmTryCompileExec1507495861.dir/build]
  ignore line: [/usr/local/Cellar/cmake/2.8.12.2/bin/cmake -E cmake_progress_report /Users/ptseng/Developer/C/CodonCount-C/CodonCount-C/library/jansson-2.6/build/CMakeFiles/CMakeTmp/CMakeFiles 1]
  ignore line: [Building C object CMakeFiles/cmTryCompileExec1507495861.dir/CMakeCCompilerABI.c.o]
  ignore line: [/usr/bin/cc    -o CMakeFiles/cmTryCompileExec1507495861.dir/CMakeCCompilerABI.c.o   -c /usr/local/Cellar/cmake/2.8.12.2/share/cmake/Modules/CMakeCCompilerABI.c]
  ignore line: [Linking C executable cmTryCompileExec1507495861]
  ignore line: [/usr/local/Cellar/cmake/2.8.12.2/bin/cmake -E cmake_link_script CMakeFiles/cmTryCompileExec1507495861.dir/link.txt --verbose=1]
  ignore line: [/usr/bin/cc    -Wl,-search_paths_first -Wl,-headerpad_max_install_names -v -Wl,-v CMakeFiles/cmTryCompileExec1507495861.dir/CMakeCCompilerABI.c.o  -o cmTryCompileExec1507495861   ]
  ignore line: [Apple LLVM version 5.1 (clang-503.0.40) (based on LLVM 3.4svn)]
  ignore line: [Target: x86_64-apple-darwin13.2.0]
  ignore line: [Thread model: posix]
  link line: [ "/Applications/Xcode.app/Contents/Developer/Toolchains/XcodeDefault.xctoolchain/usr/bin/ld" -demangle -dynamic -arch x86_64 -macosx_version_min 10.9.0 -o cmTryCompileExec1507495861 -search_paths_first -headerpad_max_install_names -v CMakeFiles/cmTryCompileExec1507495861.dir/CMakeCCompilerABI.c.o -lSystem /Applications/Xcode.app/Contents/Developer/Toolchains/XcodeDefault.xctoolchain/usr/bin/../lib/clang/5.1/lib/darwin/libclang_rt.osx.a]
    arg [/Applications/Xcode.app/Contents/Developer/Toolchains/XcodeDefault.xctoolchain/usr/bin/ld] ==> ignore
    arg [-demangle] ==> ignore
    arg [-dynamic] ==> ignore
    arg [-arch] ==> ignore
    arg [x86_64] ==> ignore
    arg [-macosx_version_min] ==> ignore
    arg [10.9.0] ==> ignore
    arg [-o] ==> ignore
    arg [cmTryCompileExec1507495861] ==> ignore
    arg [-search_paths_first] ==> ignore
    arg [-headerpad_max_install_names] ==> ignore
    arg [-v] ==> ignore
    arg [CMakeFiles/cmTryCompileExec1507495861.dir/CMakeCCompilerABI.c.o] ==> ignore
    arg [-lSystem] ==> lib [System]
    arg [/Applications/Xcode.app/Contents/Developer/Toolchains/XcodeDefault.xctoolchain/usr/bin/../lib/clang/5.1/lib/darwin/libclang_rt.osx.a] ==> lib [/Applications/Xcode.app/Contents/Developer/Toolchains/XcodeDefault.xctoolchain/usr/bin/../lib/clang/5.1/lib/darwin/libclang_rt.osx.a]
  Library search paths: [;/usr/lib;/usr/local/lib]
  Framework search paths: [;/Library/Frameworks/;/System/Library/Frameworks/]
  remove lib [System]
  collapse lib [/Applications/Xcode.app/Contents/Developer/Toolchains/XcodeDefault.xctoolchain/usr/bin/../lib/clang/5.1/lib/darwin/libclang_rt.osx.a] ==> [/Applications/Xcode.app/Contents/Developer/Toolchains/XcodeDefault.xctoolchain/usr/lib/clang/5.1/lib/darwin/libclang_rt.osx.a]
  collapse library dir [/usr/lib] ==> [/usr/lib]
  collapse library dir [/usr/local/lib] ==> [/usr/local/lib]
  collapse framework dir [/Library/Frameworks/] ==> [/Library/Frameworks]
  collapse framework dir [/System/Library/Frameworks/] ==> [/System/Library/Frameworks]
  implicit libs: [/Applications/Xcode.app/Contents/Developer/Toolchains/XcodeDefault.xctoolchain/usr/lib/clang/5.1/lib/darwin/libclang_rt.osx.a]
  implicit dirs: [/usr/lib;/usr/local/lib]
  implicit fwks: [/Library/Frameworks;/System/Library/Frameworks]


Determining if files fcntl.h exist passed with the following output:
Change Dir: /Users/ptseng/Developer/C/CodonCount-C/CodonCount-C/library/jansson-2.6/build/CMakeFiles/CMakeTmp

Run Build Command:/usr/bin/make "cmTryCompileExec756952790/fast"
/Applications/Xcode.app/Contents/Developer/usr/bin/make -f CMakeFiles/cmTryCompileExec756952790.dir/build.make CMakeFiles/cmTryCompileExec756952790.dir/build
/usr/local/Cellar/cmake/2.8.12.2/bin/cmake -E cmake_progress_report /Users/ptseng/Developer/C/CodonCount-C/CodonCount-C/library/jansson-2.6/build/CMakeFiles/CMakeTmp/CMakeFiles 1
Building C object CMakeFiles/cmTryCompileExec756952790.dir/CheckIncludeFiles.c.o
/usr/bin/cc    -o CMakeFiles/cmTryCompileExec756952790.dir/CheckIncludeFiles.c.o   -c /Users/ptseng/Developer/C/CodonCount-C/CodonCount-C/library/jansson-2.6/build/CMakeFiles/CMakeTmp/CheckIncludeFiles.c
Linking C executable cmTryCompileExec756952790
/usr/local/Cellar/cmake/2.8.12.2/bin/cmake -E cmake_link_script CMakeFiles/cmTryCompileExec756952790.dir/link.txt --verbose=1
/usr/bin/cc    -Wl,-search_paths_first -Wl,-headerpad_max_install_names   CMakeFiles/cmTryCompileExec756952790.dir/CheckIncludeFiles.c.o  -o cmTryCompileExec756952790  


Determining if files sched.h exist passed with the following output:
Change Dir: /Users/ptseng/Developer/C/CodonCount-C/CodonCount-C/library/jansson-2.6/build/CMakeFiles/CMakeTmp

Run Build Command:/usr/bin/make "cmTryCompileExec3529570715/fast"
/Applications/Xcode.app/Contents/Developer/usr/bin/make -f CMakeFiles/cmTryCompileExec3529570715.dir/build.make CMakeFiles/cmTryCompileExec3529570715.dir/build
/usr/local/Cellar/cmake/2.8.12.2/bin/cmake -E cmake_progress_report /Users/ptseng/Developer/C/CodonCount-C/CodonCount-C/library/jansson-2.6/build/CMakeFiles/CMakeTmp/CMakeFiles 1
Building C object CMakeFiles/cmTryCompileExec3529570715.dir/CheckIncludeFiles.c.o
/usr/bin/cc    -o CMakeFiles/cmTryCompileExec3529570715.dir/CheckIncludeFiles.c.o   -c /Users/ptseng/Developer/C/CodonCount-C/CodonCount-C/library/jansson-2.6/build/CMakeFiles/CMakeTmp/CheckIncludeFiles.c
Linking C executable cmTryCompileExec3529570715
/usr/local/Cellar/cmake/2.8.12.2/bin/cmake -E cmake_link_script CMakeFiles/cmTryCompileExec3529570715.dir/link.txt --verbose=1
/usr/bin/cc    -Wl,-search_paths_first -Wl,-headerpad_max_install_names   CMakeFiles/cmTryCompileExec3529570715.dir/CheckIncludeFiles.c.o  -o cmTryCompileExec3529570715  


Determining if files unistd.h exist passed with the following output:
Change Dir: /Users/ptseng/Developer/C/CodonCount-C/CodonCount-C/library/jansson-2.6/build/CMakeFiles/CMakeTmp

Run Build Command:/usr/bin/make "cmTryCompileExec1857537301/fast"
/Applications/Xcode.app/Contents/Developer/usr/bin/make -f CMakeFiles/cmTryCompileExec1857537301.dir/build.make CMakeFiles/cmTryCompileExec1857537301.dir/build
/usr/local/Cellar/cmake/2.8.12.2/bin/cmake -E cmake_progress_report /Users/ptseng/Developer/C/CodonCount-C/CodonCount-C/library/jansson-2.6/build/CMakeFiles/CMakeTmp/CMakeFiles 1
Building C object CMakeFiles/cmTryCompileExec1857537301.dir/CheckIncludeFiles.c.o
/usr/bin/cc    -o CMakeFiles/cmTryCompileExec1857537301.dir/CheckIncludeFiles.c.o   -c /Users/ptseng/Developer/C/CodonCount-C/CodonCount-C/library/jansson-2.6/build/CMakeFiles/CMakeTmp/CheckIncludeFiles.c
Linking C executable cmTryCompileExec1857537301
/usr/local/Cellar/cmake/2.8.12.2/bin/cmake -E cmake_link_script CMakeFiles/cmTryCompileExec1857537301.dir/link.txt --verbose=1
/usr/bin/cc    -Wl,-search_paths_first -Wl,-headerpad_max_install_names   CMakeFiles/cmTryCompileExec1857537301.dir/CheckIncludeFiles.c.o  -o cmTryCompileExec1857537301  


Determining if files sys/param.h exist passed with the following output:
Change Dir: /Users/ptseng/Developer/C/CodonCount-C/CodonCount-C/library/jansson-2.6/build/CMakeFiles/CMakeTmp

Run Build Command:/usr/bin/make "cmTryCompileExec4208705014/fast"
/Applications/Xcode.app/Contents/Developer/usr/bin/make -f CMakeFiles/cmTryCompileExec4208705014.dir/build.make CMakeFiles/cmTryCompileExec4208705014.dir/build
/usr/local/Cellar/cmake/2.8.12.2/bin/cmake -E cmake_progress_report /Users/ptseng/Developer/C/CodonCount-C/CodonCount-C/library/jansson-2.6/build/CMakeFiles/CMakeTmp/CMakeFiles 1
Building C object CMakeFiles/cmTryCompileExec4208705014.dir/CheckIncludeFiles.c.o
/usr/bin/cc    -o CMakeFiles/cmTryCompileExec4208705014.dir/CheckIncludeFiles.c.o   -c /Users/ptseng/Developer/C/CodonCount-C/CodonCount-C/library/jansson-2.6/build/CMakeFiles/CMakeTmp/CheckIncludeFiles.c
Linking C executable cmTryCompileExec4208705014
/usr/local/Cellar/cmake/2.8.12.2/bin/cmake -E cmake_link_script CMakeFiles/cmTryCompileExec4208705014.dir/link.txt --verbose=1
/usr/bin/cc    -Wl,-search_paths_first -Wl,-headerpad_max_install_names   CMakeFiles/cmTryCompileExec4208705014.dir/CheckIncludeFiles.c.o  -o cmTryCompileExec4208705014  


Determining if files sys/stat.h exist passed with the following output:
Change Dir: /Users/ptseng/Developer/C/CodonCount-C/CodonCount-C/library/jansson-2.6/build/CMakeFiles/CMakeTmp

Run Build Command:/usr/bin/make "cmTryCompileExec945762514/fast"
/Applications/Xcode.app/Contents/Developer/usr/bin/make -f CMakeFiles/cmTryCompileExec945762514.dir/build.make CMakeFiles/cmTryCompileExec945762514.dir/build
/usr/local/Cellar/cmake/2.8.12.2/bin/cmake -E cmake_progress_report /Users/ptseng/Developer/C/CodonCount-C/CodonCount-C/library/jansson-2.6/build/CMakeFiles/CMakeTmp/CMakeFiles 1
Building C object CMakeFiles/cmTryCompileExec945762514.dir/CheckIncludeFiles.c.o
/usr/bin/cc    -o CMakeFiles/cmTryCompileExec945762514.dir/CheckIncludeFiles.c.o   -c /Users/ptseng/Developer/C/CodonCount-C/CodonCount-C/library/jansson-2.6/build/CMakeFiles/CMakeTmp/CheckIncludeFiles.c
Linking C executable cmTryCompileExec945762514
/usr/local/Cellar/cmake/2.8.12.2/bin/cmake -E cmake_link_script CMakeFiles/cmTryCompileExec945762514.dir/link.txt --verbose=1
/usr/bin/cc    -Wl,-search_paths_first -Wl,-headerpad_max_install_names   CMakeFiles/cmTryCompileExec945762514.dir/CheckIncludeFiles.c.o  -o cmTryCompileExec945762514  


Determining if files sys/time.h exist passed with the following output:
Change Dir: /Users/ptseng/Developer/C/CodonCount-C/CodonCount-C/library/jansson-2.6/build/CMakeFiles/CMakeTmp

Run Build Command:/usr/bin/make "cmTryCompileExec3546618366/fast"
/Applications/Xcode.app/Contents/Developer/usr/bin/make -f CMakeFiles/cmTryCompileExec3546618366.dir/build.make CMakeFiles/cmTryCompileExec3546618366.dir/build
/usr/local/Cellar/cmake/2.8.12.2/bin/cmake -E cmake_progress_report /Users/ptseng/Developer/C/CodonCount-C/CodonCount-C/library/jansson-2.6/build/CMakeFiles/CMakeTmp/CMakeFiles 1
Building C object CMakeFiles/cmTryCompileExec3546618366.dir/CheckIncludeFiles.c.o
/usr/bin/cc    -o CMakeFiles/cmTryCompileExec3546618366.dir/CheckIncludeFiles.c.o   -c /Users/ptseng/Developer/C/CodonCount-C/CodonCount-C/library/jansson-2.6/build/CMakeFiles/CMakeTmp/CheckIncludeFiles.c
Linking C executable cmTryCompileExec3546618366
/usr/local/Cellar/cmake/2.8.12.2/bin/cmake -E cmake_link_script CMakeFiles/cmTryCompileExec3546618366.dir/link.txt --verbose=1
/usr/bin/cc    -Wl,-search_paths_first -Wl,-headerpad_max_install_names   CMakeFiles/cmTryCompileExec3546618366.dir/CheckIncludeFiles.c.o  -o cmTryCompileExec3546618366  


Determining if files sys/time.h exist passed with the following output:
Change Dir: /Users/ptseng/Developer/C/CodonCount-C/CodonCount-C/library/jansson-2.6/build/CMakeFiles/CMakeTmp

Run Build Command:/usr/bin/make "cmTryCompileExec1441807247/fast"
/Applications/Xcode.app/Contents/Developer/usr/bin/make -f CMakeFiles/cmTryCompileExec1441807247.dir/build.make CMakeFiles/cmTryCompileExec1441807247.dir/build
/usr/local/Cellar/cmake/2.8.12.2/bin/cmake -E cmake_progress_report /Users/ptseng/Developer/C/CodonCount-C/CodonCount-C/library/jansson-2.6/build/CMakeFiles/CMakeTmp/CMakeFiles 1
Building C object CMakeFiles/cmTryCompileExec1441807247.dir/CheckIncludeFiles.c.o
/usr/bin/cc    -o CMakeFiles/cmTryCompileExec1441807247.dir/CheckIncludeFiles.c.o   -c /Users/ptseng/Developer/C/CodonCount-C/CodonCount-C/library/jansson-2.6/build/CMakeFiles/CMakeTmp/CheckIncludeFiles.c
Linking C executable cmTryCompileExec1441807247
/usr/local/Cellar/cmake/2.8.12.2/bin/cmake -E cmake_link_script CMakeFiles/cmTryCompileExec1441807247.dir/link.txt --verbose=1
/usr/bin/cc    -Wl,-search_paths_first -Wl,-headerpad_max_install_names   CMakeFiles/cmTryCompileExec1441807247.dir/CheckIncludeFiles.c.o  -o cmTryCompileExec1441807247  


Determining if the function close exists passed with the following output:
Change Dir: /Users/ptseng/Developer/C/CodonCount-C/CodonCount-C/library/jansson-2.6/build/CMakeFiles/CMakeTmp

Run Build Command:/usr/bin/make "cmTryCompileExec3438435698/fast"
/Applications/Xcode.app/Contents/Developer/usr/bin/make -f CMakeFiles/cmTryCompileExec3438435698.dir/build.make CMakeFiles/cmTryCompileExec3438435698.dir/build
/usr/local/Cellar/cmake/2.8.12.2/bin/cmake -E cmake_progress_report /Users/ptseng/Developer/C/CodonCount-C/CodonCount-C/library/jansson-2.6/build/CMakeFiles/CMakeTmp/CMakeFiles 1
Building C object CMakeFiles/cmTryCompileExec3438435698.dir/CheckFunctionExists.c.o
/usr/bin/cc   -DCHECK_FUNCTION_EXISTS=close   -o CMakeFiles/cmTryCompileExec3438435698.dir/CheckFunctionExists.c.o   -c /usr/local/Cellar/cmake/2.8.12.2/share/cmake/Modules/CheckFunctionExists.c
Linking C executable cmTryCompileExec3438435698
/usr/local/Cellar/cmake/2.8.12.2/bin/cmake -E cmake_link_script CMakeFiles/cmTryCompileExec3438435698.dir/link.txt --verbose=1
/usr/bin/cc   -DCHECK_FUNCTION_EXISTS=close -Wl,-search_paths_first -Wl,-headerpad_max_install_names   CMakeFiles/cmTryCompileExec3438435698.dir/CheckFunctionExists.c.o  -o cmTryCompileExec3438435698  


Determining if the function getpid exists passed with the following output:
Change Dir: /Users/ptseng/Developer/C/CodonCount-C/CodonCount-C/library/jansson-2.6/build/CMakeFiles/CMakeTmp

Run Build Command:/usr/bin/make "cmTryCompileExec3489464985/fast"
/Applications/Xcode.app/Contents/Developer/usr/bin/make -f CMakeFiles/cmTryCompileExec3489464985.dir/build.make CMakeFiles/cmTryCompileExec3489464985.dir/build
/usr/local/Cellar/cmake/2.8.12.2/bin/cmake -E cmake_progress_report /Users/ptseng/Developer/C/CodonCount-C/CodonCount-C/library/jansson-2.6/build/CMakeFiles/CMakeTmp/CMakeFiles 1
Building C object CMakeFiles/cmTryCompileExec3489464985.dir/CheckFunctionExists.c.o
/usr/bin/cc   -DCHECK_FUNCTION_EXISTS=getpid   -o CMakeFiles/cmTryCompileExec3489464985.dir/CheckFunctionExists.c.o   -c /usr/local/Cellar/cmake/2.8.12.2/share/cmake/Modules/CheckFunctionExists.c
Linking C executable cmTryCompileExec3489464985
/usr/local/Cellar/cmake/2.8.12.2/bin/cmake -E cmake_link_script CMakeFiles/cmTryCompileExec3489464985.dir/link.txt --verbose=1
/usr/bin/cc   -DCHECK_FUNCTION_EXISTS=getpid -Wl,-search_paths_first -Wl,-headerpad_max_install_names   CMakeFiles/cmTryCompileExec3489464985.dir/CheckFunctionExists.c.o  -o cmTryCompileExec3489464985  


Determining if the function gettimeofday exists passed with the following output:
Change Dir: /Users/ptseng/Developer/C/CodonCount-C/CodonCount-C/library/jansson-2.6/build/CMakeFiles/CMakeTmp

Run Build Command:/usr/bin/make "cmTryCompileExec2802181169/fast"
/Applications/Xcode.app/Contents/Developer/usr/bin/make -f CMakeFiles/cmTryCompileExec2802181169.dir/build.make CMakeFiles/cmTryCompileExec2802181169.dir/build
/usr/local/Cellar/cmake/2.8.12.2/bin/cmake -E cmake_progress_report /Users/ptseng/Developer/C/CodonCount-C/CodonCount-C/library/jansson-2.6/build/CMakeFiles/CMakeTmp/CMakeFiles 1
Building C object CMakeFiles/cmTryCompileExec2802181169.dir/CheckFunctionExists.c.o
/usr/bin/cc   -DCHECK_FUNCTION_EXISTS=gettimeofday   -o CMakeFiles/cmTryCompileExec2802181169.dir/CheckFunctionExists.c.o   -c /usr/local/Cellar/cmake/2.8.12.2/share/cmake/Modules/CheckFunctionExists.c
Linking C executable cmTryCompileExec2802181169
/usr/local/Cellar/cmake/2.8.12.2/bin/cmake -E cmake_link_script CMakeFiles/cmTryCompileExec2802181169.dir/link.txt --verbose=1
/usr/bin/cc   -DCHECK_FUNCTION_EXISTS=gettimeofday -Wl,-search_paths_first -Wl,-headerpad_max_install_names   CMakeFiles/cmTryCompileExec2802181169.dir/CheckFunctionExists.c.o  -o cmTryCompileExec2802181169  


Determining if the function open exists passed with the following output:
Change Dir: /Users/ptseng/Developer/C/CodonCount-C/CodonCount-C/library/jansson-2.6/build/CMakeFiles/CMakeTmp

Run Build Command:/usr/bin/make "cmTryCompileExec1377342614/fast"
/Applications/Xcode.app/Contents/Developer/usr/bin/make -f CMakeFiles/cmTryCompileExec1377342614.dir/build.make CMakeFiles/cmTryCompileExec1377342614.dir/build
/usr/local/Cellar/cmake/2.8.12.2/bin/cmake -E cmake_progress_report /Users/ptseng/Developer/C/CodonCount-C/CodonCount-C/library/jansson-2.6/build/CMakeFiles/CMakeTmp/CMakeFiles 1
Building C object CMakeFiles/cmTryCompileExec1377342614.dir/CheckFunctionExists.c.o
/usr/bin/cc   -DCHECK_FUNCTION_EXISTS=open   -o CMakeFiles/cmTryCompileExec1377342614.dir/CheckFunctionExists.c.o   -c /usr/local/Cellar/cmake/2.8.12.2/share/cmake/Modules/CheckFunctionExists.c
Linking C executable cmTryCompileExec1377342614
/usr/local/Cellar/cmake/2.8.12.2/bin/cmake -E cmake_link_script CMakeFiles/cmTryCompileExec1377342614.dir/link.txt --verbose=1
/usr/bin/cc   -DCHECK_FUNCTION_EXISTS=open -Wl,-search_paths_first -Wl,-headerpad_max_install_names   CMakeFiles/cmTryCompileExec1377342614.dir/CheckFunctionExists.c.o  -o cmTryCompileExec1377342614  


Determining if the function read exists passed with the following output:
Change Dir: /Users/ptseng/Developer/C/CodonCount-C/CodonCount-C/library/jansson-2.6/build/CMakeFiles/CMakeTmp

Run Build Command:/usr/bin/make "cmTryCompileExec1766414418/fast"
/Applications/Xcode.app/Contents/Developer/usr/bin/make -f CMakeFiles/cmTryCompileExec1766414418.dir/build.make CMakeFiles/cmTryCompileExec1766414418.dir/build
/usr/local/Cellar/cmake/2.8.12.2/bin/cmake -E cmake_progress_report /Users/ptseng/Developer/C/CodonCount-C/CodonCount-C/library/jansson-2.6/build/CMakeFiles/CMakeTmp/CMakeFiles 1
Building C object CMakeFiles/cmTryCompileExec1766414418.dir/CheckFunctionExists.c.o
/usr/bin/cc   -DCHECK_FUNCTION_EXISTS=read   -o CMakeFiles/cmTryCompileExec1766414418.dir/CheckFunctionExists.c.o   -c /usr/local/Cellar/cmake/2.8.12.2/share/cmake/Modules/CheckFunctionExists.c
Linking C executable cmTryCompileExec1766414418
/usr/local/Cellar/cmake/2.8.12.2/bin/cmake -E cmake_link_script CMakeFiles/cmTryCompileExec1766414418.dir/link.txt --verbose=1
/usr/bin/cc   -DCHECK_FUNCTION_EXISTS=read -Wl,-search_paths_first -Wl,-headerpad_max_install_names   CMakeFiles/cmTryCompileExec1766414418.dir/CheckFunctionExists.c.o  -o cmTryCompileExec1766414418  


Determining if the function sched_yield exists passed with the following output:
Change Dir: /Users/ptseng/Developer/C/CodonCount-C/CodonCount-C/library/jansson-2.6/build/CMakeFiles/CMakeTmp

Run Build Command:/usr/bin/make "cmTryCompileExec478137468/fast"
/Applications/Xcode.app/Contents/Developer/usr/bin/make -f CMakeFiles/cmTryCompileExec478137468.dir/build.make CMakeFiles/cmTryCompileExec478137468.dir/build
/usr/local/Cellar/cmake/2.8.12.2/bin/cmake -E cmake_progress_report /Users/ptseng/Developer/C/CodonCount-C/CodonCount-C/library/jansson-2.6/build/CMakeFiles/CMakeTmp/CMakeFiles 1
Building C object CMakeFiles/cmTryCompileExec478137468.dir/CheckFunctionExists.c.o
/usr/bin/cc   -DCHECK_FUNCTION_EXISTS=sched_yield   -o CMakeFiles/cmTryCompileExec478137468.dir/CheckFunctionExists.c.o   -c /usr/local/Cellar/cmake/2.8.12.2/share/cmake/Modules/CheckFunctionExists.c
Linking C executable cmTryCompileExec478137468
/usr/local/Cellar/cmake/2.8.12.2/bin/cmake -E cmake_link_script CMakeFiles/cmTryCompileExec478137468.dir/link.txt --verbose=1
/usr/bin/cc   -DCHECK_FUNCTION_EXISTS=sched_yield -Wl,-search_paths_first -Wl,-headerpad_max_install_names   CMakeFiles/cmTryCompileExec478137468.dir/CheckFunctionExists.c.o  -o cmTryCompileExec478137468  


Determining if files stdint.h exist passed with the following output:
Change Dir: /Users/ptseng/Developer/C/CodonCount-C/CodonCount-C/library/jansson-2.6/build/CMakeFiles/CMakeTmp

Run Build Command:/usr/bin/make "cmTryCompileExec434872726/fast"
/Applications/Xcode.app/Contents/Developer/usr/bin/make -f CMakeFiles/cmTryCompileExec434872726.dir/build.make CMakeFiles/cmTryCompileExec434872726.dir/build
/usr/local/Cellar/cmake/2.8.12.2/bin/cmake -E cmake_progress_report /Users/ptseng/Developer/C/CodonCount-C/CodonCount-C/library/jansson-2.6/build/CMakeFiles/CMakeTmp/CMakeFiles 1
Building C object CMakeFiles/cmTryCompileExec434872726.dir/CheckIncludeFiles.c.o
/usr/bin/cc    -o CMakeFiles/cmTryCompileExec434872726.dir/CheckIncludeFiles.c.o   -c /Users/ptseng/Developer/C/CodonCount-C/CodonCount-C/library/jansson-2.6/build/CMakeFiles/CMakeTmp/CheckIncludeFiles.c
Linking C executable cmTryCompileExec434872726
/usr/local/Cellar/cmake/2.8.12.2/bin/cmake -E cmake_link_script CMakeFiles/cmTryCompileExec434872726.dir/link.txt --verbose=1
/usr/bin/cc    -Wl,-search_paths_first -Wl,-headerpad_max_install_names   CMakeFiles/cmTryCompileExec434872726.dir/CheckIncludeFiles.c.o  -o cmTryCompileExec434872726  


Determining if the include file stddef.h exists passed with the following output:
Change Dir: /Users/ptseng/Developer/C/CodonCount-C/CodonCount-C/library/jansson-2.6/build/CMakeFiles/CMakeTmp

Run Build Command:/usr/bin/make "cmTryCompileExec1451329127/fast"
/Applications/Xcode.app/Contents/Developer/usr/bin/make -f CMakeFiles/cmTryCompileExec1451329127.dir/build.make CMakeFiles/cmTryCompileExec1451329127.dir/build
/usr/local/Cellar/cmake/2.8.12.2/bin/cmake -E cmake_progress_report /Users/ptseng/Developer/C/CodonCount-C/CodonCount-C/library/jansson-2.6/build/CMakeFiles/CMakeTmp/CMakeFiles 1
Building C object CMakeFiles/cmTryCompileExec1451329127.dir/CheckIncludeFile.c.o
/usr/bin/cc    -o CMakeFiles/cmTryCompileExec1451329127.dir/CheckIncludeFile.c.o   -c /Users/ptseng/Developer/C/CodonCount-C/CodonCount-C/library/jansson-2.6/build/CMakeFiles/CMakeTmp/CheckIncludeFile.c
Linking C executable cmTryCompileExec1451329127
/usr/local/Cellar/cmake/2.8.12.2/bin/cmake -E cmake_link_script CMakeFiles/cmTryCompileExec1451329127.dir/link.txt --verbose=1
/usr/bin/cc    -Wl,-search_paths_first -Wl,-headerpad_max_install_names   CMakeFiles/cmTryCompileExec1451329127.dir/CheckIncludeFile.c.o  -o cmTryCompileExec1451329127  


Determining size of int64_t passed with the following output:
Change Dir: /Users/ptseng/Developer/C/CodonCount-C/CodonCount-C/library/jansson-2.6/build/CMakeFiles/CMakeTmp

Run Build Command:/usr/bin/make "cmTryCompileExec1704824282/fast"
/Applications/Xcode.app/Contents/Developer/usr/bin/make -f CMakeFiles/cmTryCompileExec1704824282.dir/build.make CMakeFiles/cmTryCompileExec1704824282.dir/build
/usr/local/Cellar/cmake/2.8.12.2/bin/cmake -E cmake_progress_report /Users/ptseng/Developer/C/CodonCount-C/CodonCount-C/library/jansson-2.6/build/CMakeFiles/CMakeTmp/CMakeFiles 1
Building C object CMakeFiles/cmTryCompileExec1704824282.dir/INT64_T.c.o
/usr/bin/cc    -o CMakeFiles/cmTryCompileExec1704824282.dir/INT64_T.c.o   -c /Users/ptseng/Developer/C/CodonCount-C/CodonCount-C/library/jansson-2.6/build/CMakeFiles/CheckTypeSize/INT64_T.c
Linking C executable cmTryCompileExec1704824282
/usr/local/Cellar/cmake/2.8.12.2/bin/cmake -E cmake_link_script CMakeFiles/cmTryCompileExec1704824282.dir/link.txt --verbose=1
/usr/bin/cc    -Wl,-search_paths_first -Wl,-headerpad_max_install_names   CMakeFiles/cmTryCompileExec1704824282.dir/INT64_T.c.o  -o cmTryCompileExec1704824282  


Determining size of long long passed with the following output:
Change Dir: /Users/ptseng/Developer/C/CodonCount-C/CodonCount-C/library/jansson-2.6/build/CMakeFiles/CMakeTmp

Run Build Command:/usr/bin/make "cmTryCompileExec3978877498/fast"
/Applications/Xcode.app/Contents/Developer/usr/bin/make -f CMakeFiles/cmTryCompileExec3978877498.dir/build.make CMakeFiles/cmTryCompileExec3978877498.dir/build
/usr/local/Cellar/cmake/2.8.12.2/bin/cmake -E cmake_progress_report /Users/ptseng/Developer/C/CodonCount-C/CodonCount-C/library/jansson-2.6/build/CMakeFiles/CMakeTmp/CMakeFiles 1
Building C object CMakeFiles/cmTryCompileExec3978877498.dir/LONG_LONG_INT.c.o
/usr/bin/cc    -o CMakeFiles/cmTryCompileExec3978877498.dir/LONG_LONG_INT.c.o   -c /Users/ptseng/Developer/C/CodonCount-C/CodonCount-C/library/jansson-2.6/build/CMakeFiles/CheckTypeSize/LONG_LONG_INT.c
Linking C executable cmTryCompileExec3978877498
/usr/local/Cellar/cmake/2.8.12.2/bin/cmake -E cmake_link_script CMakeFiles/cmTryCompileExec3978877498.dir/link.txt --verbose=1
/usr/bin/cc    -Wl,-search_paths_first -Wl,-headerpad_max_install_names   CMakeFiles/cmTryCompileExec3978877498.dir/LONG_LONG_INT.c.o  -o cmTryCompileExec3978877498  


Determining size of int32_t passed with the following output:
Change Dir: /Users/ptseng/Developer/C/CodonCount-C/CodonCount-C/library/jansson-2.6/build/CMakeFiles/CMakeTmp

Run Build Command:/usr/bin/make "cmTryCompileExec2784085047/fast"
/Applications/Xcode.app/Contents/Developer/usr/bin/make -f CMakeFiles/cmTryCompileExec2784085047.dir/build.make CMakeFiles/cmTryCompileExec2784085047.dir/build
/usr/local/Cellar/cmake/2.8.12.2/bin/cmake -E cmake_progress_report /Users/ptseng/Developer/C/CodonCount-C/CodonCount-C/library/jansson-2.6/build/CMakeFiles/CMakeTmp/CMakeFiles 1
Building C object CMakeFiles/cmTryCompileExec2784085047.dir/INT32_T.c.o
/usr/bin/cc    -o CMakeFiles/cmTryCompileExec2784085047.dir/INT32_T.c.o   -c /Users/ptseng/Developer/C/CodonCount-C/CodonCount-C/library/jansson-2.6/build/CMakeFiles/CheckTypeSize/INT32_T.c
Linking C executable cmTryCompileExec2784085047
/usr/local/Cellar/cmake/2.8.12.2/bin/cmake -E cmake_link_script CMakeFiles/cmTryCompileExec2784085047.dir/link.txt --verbose=1
/usr/bin/cc    -Wl,-search_paths_first -Wl,-headerpad_max_install_names   CMakeFiles/cmTryCompileExec2784085047.dir/INT32_T.c.o  -o cmTryCompileExec2784085047  


Determining size of long passed with the following output:
Change Dir: /Users/ptseng/Developer/C/CodonCount-C/CodonCount-C/library/jansson-2.6/build/CMakeFiles/CMakeTmp

Run Build Command:/usr/bin/make "cmTryCompileExec439602436/fast"
/Applications/Xcode.app/Contents/Developer/usr/bin/make -f CMakeFiles/cmTryCompileExec439602436.dir/build.make CMakeFiles/cmTryCompileExec439602436.dir/build
/usr/local/Cellar/cmake/2.8.12.2/bin/cmake -E cmake_progress_report /Users/ptseng/Developer/C/CodonCount-C/CodonCount-C/library/jansson-2.6/build/CMakeFiles/CMakeTmp/CMakeFiles 1
Building C object CMakeFiles/cmTryCompileExec439602436.dir/LONG_INT.c.o
/usr/bin/cc    -o CMakeFiles/cmTryCompileExec439602436.dir/LONG_INT.c.o   -c /Users/ptseng/Developer/C/CodonCount-C/CodonCount-C/library/jansson-2.6/build/CMakeFiles/CheckTypeSize/LONG_INT.c
Linking C executable cmTryCompileExec439602436
/usr/local/Cellar/cmake/2.8.12.2/bin/cmake -E cmake_link_script CMakeFiles/cmTryCompileExec439602436.dir/link.txt --verbose=1
/usr/bin/cc    -Wl,-search_paths_first -Wl,-headerpad_max_install_names   CMakeFiles/cmTryCompileExec439602436.dir/LONG_INT.c.o  -o cmTryCompileExec439602436  


Determining size of int passed with the following output:
Change Dir: /Users/ptseng/Developer/C/CodonCount-C/CodonCount-C/library/jansson-2.6/build/CMakeFiles/CMakeTmp

Run Build Command:/usr/bin/make "cmTryCompileExec2899171522/fast"
/Applications/Xcode.app/Contents/Developer/usr/bin/make -f CMakeFiles/cmTryCompileExec2899171522.dir/build.make CMakeFiles/cmTryCompileExec2899171522.dir/build
/usr/local/Cellar/cmake/2.8.12.2/bin/cmake -E cmake_progress_report /Users/ptseng/Developer/C/CodonCount-C/CodonCount-C/library/jansson-2.6/build/CMakeFiles/CMakeTmp/CMakeFiles 1
Building C object CMakeFiles/cmTryCompileExec2899171522.dir/INT.c.o
/usr/bin/cc    -o CMakeFiles/cmTryCompileExec2899171522.dir/INT.c.o   -c /Users/ptseng/Developer/C/CodonCount-C/CodonCount-C/library/jansson-2.6/build/CMakeFiles/CheckTypeSize/INT.c
Linking C executable cmTryCompileExec2899171522
/usr/local/Cellar/cmake/2.8.12.2/bin/cmake -E cmake_link_script CMakeFiles/cmTryCompileExec2899171522.dir/link.txt --verbose=1
/usr/bin/cc    -Wl,-search_paths_first -Wl,-headerpad_max_install_names   CMakeFiles/cmTryCompileExec2899171522.dir/INT.c.o  -o cmTryCompileExec2899171522  


Determining size of uint32_t passed with the following output:
Change Dir: /Users/ptseng/Developer/C/CodonCount-C/CodonCount-C/library/jansson-2.6/build/CMakeFiles/CMakeTmp

Run Build Command:/usr/bin/make "cmTryCompileExec2395459480/fast"
/Applications/Xcode.app/Contents/Developer/usr/bin/make -f CMakeFiles/cmTryCompileExec2395459480.dir/build.make CMakeFiles/cmTryCompileExec2395459480.dir/build
/usr/local/Cellar/cmake/2.8.12.2/bin/cmake -E cmake_progress_report /Users/ptseng/Developer/C/CodonCount-C/CodonCount-C/library/jansson-2.6/build/CMakeFiles/CMakeTmp/CMakeFiles 1
Building C object CMakeFiles/cmTryCompileExec2395459480.dir/UINT32_T.c.o
/usr/bin/cc    -o CMakeFiles/cmTryCompileExec2395459480.dir/UINT32_T.c.o   -c /Users/ptseng/Developer/C/CodonCount-C/CodonCount-C/library/jansson-2.6/build/CMakeFiles/CheckTypeSize/UINT32_T.c
Linking C executable cmTryCompileExec2395459480
/usr/local/Cellar/cmake/2.8.12.2/bin/cmake -E cmake_link_script CMakeFiles/cmTryCompileExec2395459480.dir/link.txt --verbose=1
/usr/bin/cc    -Wl,-search_paths_first -Wl,-headerpad_max_install_names   CMakeFiles/cmTryCompileExec2395459480.dir/UINT32_T.c.o  -o cmTryCompileExec2395459480  


Determining size of unsigned long passed with the following output:
Change Dir: /Users/ptseng/Developer/C/CodonCount-C/CodonCount-C/library/jansson-2.6/build/CMakeFiles/CMakeTmp

Run Build Command:/usr/bin/make "cmTryCompileExec1014680969/fast"
/Applications/Xcode.app/Contents/Developer/usr/bin/make -f CMakeFiles/cmTryCompileExec1014680969.dir/build.make CMakeFiles/cmTryCompileExec1014680969.dir/build
/usr/local/Cellar/cmake/2.8.12.2/bin/cmake -E cmake_progress_report /Users/ptseng/Developer/C/CodonCount-C/CodonCount-C/library/jansson-2.6/build/CMakeFiles/CMakeTmp/CMakeFiles 1
Building C object CMakeFiles/cmTryCompileExec1014680969.dir/UNSIGNED_LONG_INT.c.o
/usr/bin/cc    -o CMakeFiles/cmTryCompileExec1014680969.dir/UNSIGNED_LONG_INT.c.o   -c /Users/ptseng/Developer/C/CodonCount-C/CodonCount-C/library/jansson-2.6/build/CMakeFiles/CheckTypeSize/UNSIGNED_LONG_INT.c
Linking C executable cmTryCompileExec1014680969
/usr/local/Cellar/cmake/2.8.12.2/bin/cmake -E cmake_link_script CMakeFiles/cmTryCompileExec1014680969.dir/link.txt --verbose=1
/usr/bin/cc    -Wl,-search_paths_first -Wl,-headerpad_max_install_names   CMakeFiles/cmTryCompileExec1014680969.dir/UNSIGNED_LONG_INT.c.o  -o cmTryCompileExec1014680969  


Determining size of unsigned int passed with the following output:
Change Dir: /Users/ptseng/Developer/C/CodonCount-C/CodonCount-C/library/jansson-2.6/build/CMakeFiles/CMakeTmp

Run Build Command:/usr/bin/make "cmTryCompileExec1656116376/fast"
/Applications/Xcode.app/Contents/Developer/usr/bin/make -f CMakeFiles/cmTryCompileExec1656116376.dir/build.make CMakeFiles/cmTryCompileExec1656116376.dir/build
/usr/local/Cellar/cmake/2.8.12.2/bin/cmake -E cmake_progress_report /Users/ptseng/Developer/C/CodonCount-C/CodonCount-C/library/jansson-2.6/build/CMakeFiles/CMakeTmp/CMakeFiles 1
Building C object CMakeFiles/cmTryCompileExec1656116376.dir/UNSIGNED_INT.c.o
/usr/bin/cc    -o CMakeFiles/cmTryCompileExec1656116376.dir/UNSIGNED_INT.c.o   -c /Users/ptseng/Developer/C/CodonCount-C/CodonCount-C/library/jansson-2.6/build/CMakeFiles/CheckTypeSize/UNSIGNED_INT.c
Linking C executable cmTryCompileExec1656116376
/usr/local/Cellar/cmake/2.8.12.2/bin/cmake -E cmake_link_script CMakeFiles/cmTryCompileExec1656116376.dir/link.txt --verbose=1
/usr/bin/cc    -Wl,-search_paths_first -Wl,-headerpad_max_install_names   CMakeFiles/cmTryCompileExec1656116376.dir/UNSIGNED_INT.c.o  -o cmTryCompileExec1656116376  


Determining size of ssize_t passed with the following output:
Change Dir: /Users/ptseng/Developer/C/CodonCount-C/CodonCount-C/library/jansson-2.6/build/CMakeFiles/CMakeTmp

Run Build Command:/usr/bin/make "cmTryCompileExec1818839887/fast"
/Applications/Xcode.app/Contents/Developer/usr/bin/make -f CMakeFiles/cmTryCompileExec1818839887.dir/build.make CMakeFiles/cmTryCompileExec1818839887.dir/build
/usr/local/Cellar/cmake/2.8.12.2/bin/cmake -E cmake_progress_report /Users/ptseng/Developer/C/CodonCount-C/CodonCount-C/library/jansson-2.6/build/CMakeFiles/CMakeTmp/CMakeFiles 1
Building C object CMakeFiles/cmTryCompileExec1818839887.dir/SSIZE_T.c.o
/usr/bin/cc    -o CMakeFiles/cmTryCompileExec1818839887.dir/SSIZE_T.c.o   -c /Users/ptseng/Developer/C/CodonCount-C/CodonCount-C/library/jansson-2.6/build/CMakeFiles/CheckTypeSize/SSIZE_T.c
Linking C executable cmTryCompileExec1818839887
/usr/local/Cellar/cmake/2.8.12.2/bin/cmake -E cmake_link_script CMakeFiles/cmTryCompileExec1818839887.dir/link.txt --verbose=1
/usr/bin/cc    -Wl,-search_paths_first -Wl,-headerpad_max_install_names   CMakeFiles/cmTryCompileExec1818839887.dir/SSIZE_T.c.o  -o cmTryCompileExec1818839887  


Determining if the function strtoll exists passed with the following output:
Change Dir: /Users/ptseng/Developer/C/CodonCount-C/CodonCount-C/library/jansson-2.6/build/CMakeFiles/CMakeTmp

Run Build Command:/usr/bin/make "cmTryCompileExec1328889791/fast"
/Applications/Xcode.app/Contents/Developer/usr/bin/make -f CMakeFiles/cmTryCompileExec1328889791.dir/build.make CMakeFiles/cmTryCompileExec1328889791.dir/build
/usr/local/Cellar/cmake/2.8.12.2/bin/cmake -E cmake_progress_report /Users/ptseng/Developer/C/CodonCount-C/CodonCount-C/library/jansson-2.6/build/CMakeFiles/CMakeTmp/CMakeFiles 1
Building C object CMakeFiles/cmTryCompileExec1328889791.dir/CheckFunctionExists.c.o
/usr/bin/cc   -DCHECK_FUNCTION_EXISTS=strtoll   -o CMakeFiles/cmTryCompileExec1328889791.dir/CheckFunctionExists.c.o   -c /usr/local/Cellar/cmake/2.8.12.2/share/cmake/Modules/CheckFunctionExists.c
Linking C executable cmTryCompileExec1328889791
/usr/local/Cellar/cmake/2.8.12.2/bin/cmake -E cmake_link_script CMakeFiles/cmTryCompileExec1328889791.dir/link.txt --verbose=1
/usr/bin/cc   -DCHECK_FUNCTION_EXISTS=strtoll -Wl,-search_paths_first -Wl,-headerpad_max_install_names   CMakeFiles/cmTryCompileExec1328889791.dir/CheckFunctionExists.c.o  -o cmTryCompileExec1328889791  


Determining if the function strtoq exists passed with the following output:
Change Dir: /Users/ptseng/Developer/C/CodonCount-C/CodonCount-C/library/jansson-2.6/build/CMakeFiles/CMakeTmp

Run Build Command:/usr/bin/make "cmTryCompileExec514987143/fast"
/Applications/Xcode.app/Contents/Developer/usr/bin/make -f CMakeFiles/cmTryCompileExec514987143.dir/build.make CMakeFiles/cmTryCompileExec514987143.dir/build
/usr/local/Cellar/cmake/2.8.12.2/bin/cmake -E cmake_progress_report /Users/ptseng/Developer/C/CodonCount-C/CodonCount-C/library/jansson-2.6/build/CMakeFiles/CMakeTmp/CMakeFiles 1
Building C object CMakeFiles/cmTryCompileExec514987143.dir/CheckFunctionExists.c.o
/usr/bin/cc   -DCHECK_FUNCTION_EXISTS=strtoq   -o CMakeFiles/cmTryCompileExec514987143.dir/CheckFunctionExists.c.o   -c /usr/local/Cellar/cmake/2.8.12.2/share/cmake/Modules/CheckFunctionExists.c
Linking C executable cmTryCompileExec514987143
/usr/local/Cellar/cmake/2.8.12.2/bin/cmake -E cmake_link_script CMakeFiles/cmTryCompileExec514987143.dir/link.txt --verbose=1
/usr/bin/cc   -DCHECK_FUNCTION_EXISTS=strtoq -Wl,-search_paths_first -Wl,-headerpad_max_install_names   CMakeFiles/cmTryCompileExec514987143.dir/CheckFunctionExists.c.o  -o cmTryCompileExec514987143  


Determining if files locale.h exist passed with the following output:
Change Dir: /Users/ptseng/Developer/C/CodonCount-C/CodonCount-C/library/jansson-2.6/build/CMakeFiles/CMakeTmp

Run Build Command:/usr/bin/make "cmTryCompileExec243277886/fast"
/Applications/Xcode.app/Contents/Developer/usr/bin/make -f CMakeFiles/cmTryCompileExec243277886.dir/build.make CMakeFiles/cmTryCompileExec243277886.dir/build
/usr/local/Cellar/cmake/2.8.12.2/bin/cmake -E cmake_progress_report /Users/ptseng/Developer/C/CodonCount-C/CodonCount-C/library/jansson-2.6/build/CMakeFiles/CMakeTmp/CMakeFiles 1
Building C object CMakeFiles/cmTryCompileExec243277886.dir/CheckIncludeFiles.c.o
/usr/bin/cc    -o CMakeFiles/cmTryCompileExec243277886.dir/CheckIncludeFiles.c.o   -c /Users/ptseng/Developer/C/CodonCount-C/CodonCount-C/library/jansson-2.6/build/CMakeFiles/CMakeTmp/CheckIncludeFiles.c
Linking C executable cmTryCompileExec243277886
/usr/local/Cellar/cmake/2.8.12.2/bin/cmake -E cmake_link_script CMakeFiles/cmTryCompileExec243277886.dir/link.txt --verbose=1
/usr/bin/cc    -Wl,-search_paths_first -Wl,-headerpad_max_install_names   CMakeFiles/cmTryCompileExec243277886.dir/CheckIncludeFiles.c.o  -o cmTryCompileExec243277886  


Determining if the function localeconv exists passed with the following output:
Change Dir: /Users/ptseng/Developer/C/CodonCount-C/CodonCount-C/library/jansson-2.6/build/CMakeFiles/CMakeTmp

Run Build Command:/usr/bin/make "cmTryCompileExec2697525126/fast"
/Applications/Xcode.app/Contents/Developer/usr/bin/make -f CMakeFiles/cmTryCompileExec2697525126.dir/build.make CMakeFiles/cmTryCompileExec2697525126.dir/build
/usr/local/Cellar/cmake/2.8.12.2/bin/cmake -E cmake_progress_report /Users/ptseng/Developer/C/CodonCount-C/CodonCount-C/library/jansson-2.6/build/CMakeFiles/CMakeTmp/CMakeFiles 1
Building C object CMakeFiles/cmTryCompileExec2697525126.dir/CheckFunctionExists.c.o
/usr/bin/cc   -DCHECK_FUNCTION_EXISTS=localeconv   -o CMakeFiles/cmTryCompileExec2697525126.dir/CheckFunctionExists.c.o   -c /usr/local/Cellar/cmake/2.8.12.2/share/cmake/Modules/CheckFunctionExists.c
Linking C executable cmTryCompileExec2697525126
/usr/local/Cellar/cmake/2.8.12.2/bin/cmake -E cmake_link_script CMakeFiles/cmTryCompileExec2697525126.dir/link.txt --verbose=1
/usr/bin/cc   -DCHECK_FUNCTION_EXISTS=localeconv -Wl,-search_paths_first -Wl,-headerpad_max_install_names   CMakeFiles/cmTryCompileExec2697525126.dir/CheckFunctionExists.c.o  -o cmTryCompileExec2697525126  


Determining if the function setlocale exists passed with the following output:
Change Dir: /Users/ptseng/Developer/C/CodonCount-C/CodonCount-C/library/jansson-2.6/build/CMakeFiles/CMakeTmp

Run Build Command:/usr/bin/make "cmTryCompileExec3306201043/fast"
/Applications/Xcode.app/Contents/Developer/usr/bin/make -f CMakeFiles/cmTryCompileExec3306201043.dir/build.make CMakeFiles/cmTryCompileExec3306201043.dir/build
/usr/local/Cellar/cmake/2.8.12.2/bin/cmake -E cmake_progress_report /Users/ptseng/Developer/C/CodonCount-C/CodonCount-C/library/jansson-2.6/build/CMakeFiles/CMakeTmp/CMakeFiles 1
Building C object CMakeFiles/cmTryCompileExec3306201043.dir/CheckFunctionExists.c.o
/usr/bin/cc   -DCHECK_FUNCTION_EXISTS=setlocale   -o CMakeFiles/cmTryCompileExec3306201043.dir/CheckFunctionExists.c.o   -c /usr/local/Cellar/cmake/2.8.12.2/share/cmake/Modules/CheckFunctionExists.c
Linking C executable cmTryCompileExec3306201043
/usr/local/Cellar/cmake/2.8.12.2/bin/cmake -E cmake_link_script CMakeFiles/cmTryCompileExec3306201043.dir/link.txt --verbose=1
/usr/bin/cc   -DCHECK_FUNCTION_EXISTS=setlocale -Wl,-search_paths_first -Wl,-headerpad_max_install_names   CMakeFiles/cmTryCompileExec3306201043.dir/CheckFunctionExists.c.o  -o cmTryCompileExec3306201043  


Performing C SOURCE FILE Test HAVE_INLINE succeded with the following output:
Change Dir: /Users/ptseng/Developer/C/CodonCount-C/CodonCount-C/library/jansson-2.6/build/CMakeFiles/CMakeTmp

Run Build Command:/usr/bin/make "cmTryCompileExec2333750564/fast"
/Applications/Xcode.app/Contents/Developer/usr/bin/make -f CMakeFiles/cmTryCompileExec2333750564.dir/build.make CMakeFiles/cmTryCompileExec2333750564.dir/build
/usr/local/Cellar/cmake/2.8.12.2/bin/cmake -E cmake_progress_report /Users/ptseng/Developer/C/CodonCount-C/CodonCount-C/library/jansson-2.6/build/CMakeFiles/CMakeTmp/CMakeFiles 1
Building C object CMakeFiles/cmTryCompileExec2333750564.dir/src.c.o
/usr/bin/cc   -DHAVE_INLINE   -o CMakeFiles/cmTryCompileExec2333750564.dir/src.c.o   -c /Users/ptseng/Developer/C/CodonCount-C/CodonCount-C/library/jansson-2.6/build/CMakeFiles/CMakeTmp/src.c
Linking C executable cmTryCompileExec2333750564
/usr/local/Cellar/cmake/2.8.12.2/bin/cmake -E cmake_link_script CMakeFiles/cmTryCompileExec2333750564.dir/link.txt --verbose=1
/usr/bin/cc   -DHAVE_INLINE -Wl,-search_paths_first -Wl,-headerpad_max_install_names   CMakeFiles/cmTryCompileExec2333750564.dir/src.c.o  -o cmTryCompileExec2333750564  

Source file was:
inline void func(); void func() { } int main() { func(); return 0; }
Performing C SOURCE FILE Test HAVE___INLINE succeded with the following output:
Change Dir: /Users/ptseng/Developer/C/CodonCount-C/CodonCount-C/library/jansson-2.6/build/CMakeFiles/CMakeTmp

Run Build Command:/usr/bin/make "cmTryCompileExec2783392492/fast"
/Applications/Xcode.app/Contents/Developer/usr/bin/make -f CMakeFiles/cmTryCompileExec2783392492.dir/build.make CMakeFiles/cmTryCompileExec2783392492.dir/build
/usr/local/Cellar/cmake/2.8.12.2/bin/cmake -E cmake_progress_report /Users/ptseng/Developer/C/CodonCount-C/CodonCount-C/library/jansson-2.6/build/CMakeFiles/CMakeTmp/CMakeFiles 1
Building C object CMakeFiles/cmTryCompileExec2783392492.dir/src.c.o
/usr/bin/cc   -DHAVE___INLINE   -o CMakeFiles/cmTryCompileExec2783392492.dir/src.c.o   -c /Users/ptseng/Developer/C/CodonCount-C/CodonCount-C/library/jansson-2.6/build/CMakeFiles/CMakeTmp/src.c
Linking C executable cmTryCompileExec2783392492
/usr/local/Cellar/cmake/2.8.12.2/bin/cmake -E cmake_link_script CMakeFiles/cmTryCompileExec2783392492.dir/link.txt --verbose=1
/usr/bin/cc   -DHAVE___INLINE -Wl,-search_paths_first -Wl,-headerpad_max_install_names   CMakeFiles/cmTryCompileExec2783392492.dir/src.c.o  -o cmTryCompileExec2783392492  

Source file was:
__inline void func(); void func() { } int main() { func(); return 0; }
Performing C SOURCE FILE Test HAVE___INLINE__ succeded with the following output:
Change Dir: /Users/ptseng/Developer/C/CodonCount-C/CodonCount-C/library/jansson-2.6/build/CMakeFiles/CMakeTmp

Run Build Command:/usr/bin/make "cmTryCompileExec2991917155/fast"
/Applications/Xcode.app/Contents/Developer/usr/bin/make -f CMakeFiles/cmTryCompileExec2991917155.dir/build.make CMakeFiles/cmTryCompileExec2991917155.dir/build
/usr/local/Cellar/cmake/2.8.12.2/bin/cmake -E cmake_progress_report /Users/ptseng/Developer/C/CodonCount-C/CodonCount-C/library/jansson-2.6/build/CMakeFiles/CMakeTmp/CMakeFiles 1
Building C object CMakeFiles/cmTryCompileExec2991917155.dir/src.c.o
/usr/bin/cc   -DHAVE___INLINE__   -o CMakeFiles/cmTryCompileExec2991917155.dir/src.c.o   -c /Users/ptseng/Developer/C/CodonCount-C/CodonCount-C/library/jansson-2.6/build/CMakeFiles/CMakeTmp/src.c
Linking C executable cmTryCompileExec2991917155
/usr/local/Cellar/cmake/2.8.12.2/bin/cmake -E cmake_link_script CMakeFiles/cmTryCompileExec2991917155.dir/link.txt --verbose=1
/usr/bin/cc   -DHAVE___INLINE__ -Wl,-search_paths_first -Wl,-headerpad_max_install_names   CMakeFiles/cmTryCompileExec2991917155.dir/src.c.o  -o cmTryCompileExec2991917155  

Source file was:
__inline__ void func(); void func() { } int main() { func(); return 0; }
Determining if the function snprintf exists passed with the following output:
Change Dir: /Users/ptseng/Developer/C/CodonCount-C/CodonCount-C/library/jansson-2.6/build/CMakeFiles/CMakeTmp

Run Build Command:/usr/bin/make "cmTryCompileExec800343148/fast"
/Applications/Xcode.app/Contents/Developer/usr/bin/make -f CMakeFiles/cmTryCompileExec800343148.dir/build.make CMakeFiles/cmTryCompileExec800343148.dir/build
/usr/local/Cellar/cmake/2.8.12.2/bin/cmake -E cmake_progress_report /Users/ptseng/Developer/C/CodonCount-C/CodonCount-C/library/jansson-2.6/build/CMakeFiles/CMakeTmp/CMakeFiles 1
Building C object CMakeFiles/cmTryCompileExec800343148.dir/CheckFunctionExists.c.o
/usr/bin/cc   -DCHECK_FUNCTION_EXISTS=snprintf   -o CMakeFiles/cmTryCompileExec800343148.dir/CheckFunctionExists.c.o   -c /usr/local/Cellar/cmake/2.8.12.2/share/cmake/Modules/CheckFunctionExists.c
/usr/local/Cellar/cmake/2.8.12.2/share/cmake/Modules/CheckFunctionExists.c:3:6: warning: incompatible redeclaration of library function 'snprintf' [-Wincompatible-library-redeclaration]
char CHECK_FUNCTION_EXISTS();
     ^
<command line>:1:31: note: expanded from here
#define CHECK_FUNCTION_EXISTS snprintf
                              ^
/usr/local/Cellar/cmake/2.8.12.2/share/cmake/Modules/CheckFunctionExists.c:3:6: note: 'snprintf' is a builtin with type 'int (char *, unsigned long, const char *, ...)'
<command line>:1:31: note: expanded from here
#define CHECK_FUNCTION_EXISTS snprintf
                              ^
1 warning generated.
Linking C executable cmTryCompileExec800343148
/usr/local/Cellar/cmake/2.8.12.2/bin/cmake -E cmake_link_script CMakeFiles/cmTryCompileExec800343148.dir/link.txt --verbose=1
/usr/bin/cc   -DCHECK_FUNCTION_EXISTS=snprintf -Wl,-search_paths_first -Wl,-headerpad_max_install_names   CMakeFiles/cmTryCompileExec800343148.dir/CheckFunctionExists.c.o  -o cmTryCompileExec800343148  


Performing C SOURCE FILE Test HAVE_SYNC_BUILTINS succeded with the following output:
Change Dir: /Users/ptseng/Developer/C/CodonCount-C/CodonCount-C/library/jansson-2.6/build/CMakeFiles/CMakeTmp

Run Build Command:/usr/bin/make "cmTryCompileExec2097428319/fast"
/Applications/Xcode.app/Contents/Developer/usr/bin/make -f CMakeFiles/cmTryCompileExec2097428319.dir/build.make CMakeFiles/cmTryCompileExec2097428319.dir/build
/usr/local/Cellar/cmake/2.8.12.2/bin/cmake -E cmake_progress_report /Users/ptseng/Developer/C/CodonCount-C/CodonCount-C/library/jansson-2.6/build/CMakeFiles/CMakeTmp/CMakeFiles 1
Building C object CMakeFiles/cmTryCompileExec2097428319.dir/src.c.o
/usr/bin/cc   -DHAVE_SYNC_BUILTINS   -o CMakeFiles/cmTryCompileExec2097428319.dir/src.c.o   -c /Users/ptseng/Developer/C/CodonCount-C/CodonCount-C/library/jansson-2.6/build/CMakeFiles/CMakeTmp/src.c
Linking C executable cmTryCompileExec2097428319
/usr/local/Cellar/cmake/2.8.12.2/bin/cmake -E cmake_link_script CMakeFiles/cmTryCompileExec2097428319.dir/link.txt --verbose=1
/usr/bin/cc   -DHAVE_SYNC_BUILTINS -Wl,-search_paths_first -Wl,-headerpad_max_install_names   CMakeFiles/cmTryCompileExec2097428319.dir/src.c.o  -o cmTryCompileExec2097428319  

Source file was:
int main() { unsigned long val; __sync_bool_compare_and_swap(&val, 0, 1); return 0; } 
Performing C SOURCE FILE Test HAVE_ATOMIC_BUILTINS succeded with the following output:
Change Dir: /Users/ptseng/Developer/C/CodonCount-C/CodonCount-C/library/jansson-2.6/build/CMakeFiles/CMakeTmp

Run Build Command:/usr/bin/make "cmTryCompileExec364767262/fast"
/Applications/Xcode.app/Contents/Developer/usr/bin/make -f CMakeFiles/cmTryCompileExec364767262.dir/build.make CMakeFiles/cmTryCompileExec364767262.dir/build
/usr/local/Cellar/cmake/2.8.12.2/bin/cmake -E cmake_progress_report /Users/ptseng/Developer/C/CodonCount-C/CodonCount-C/library/jansson-2.6/build/CMakeFiles/CMakeTmp/CMakeFiles 1
Building C object CMakeFiles/cmTryCompileExec364767262.dir/src.c.o
/usr/bin/cc   -DHAVE_ATOMIC_BUILTINS   -o CMakeFiles/cmTryCompileExec364767262.dir/src.c.o   -c /Users/ptseng/Developer/C/CodonCount-C/CodonCount-C/library/jansson-2.6/build/CMakeFiles/CMakeTmp/src.c
Linking C executable cmTryCompileExec364767262
/usr/local/Cellar/cmake/2.8.12.2/bin/cmake -E cmake_link_script CMakeFiles/cmTryCompileExec364767262.dir/link.txt --verbose=1
/usr/bin/cc   -DHAVE_ATOMIC_BUILTINS -Wl,-search_paths_first -Wl,-headerpad_max_install_names   CMakeFiles/cmTryCompileExec364767262.dir/src.c.o  -o cmTryCompileExec364767262  

Source file was:
int main() { char l; unsigned long v; __atomic_test_and_set(&l, __ATOMIC_RELAXED); __atomic_store_n(&v, 1, __ATOMIC_ACQ_REL); __atomic_load_n(&v, __ATOMIC_ACQUIRE); return 0; }
