This file contains any messages produced by compilers while
running configure, to aid debugging if configure makes a mistake.

It was created by C Algorithms configure 1.2.0, which was
generated by GNU Autoconf 2.61.  Invocation command line was

  $ ./configure 

## --------- ##
## Platform. ##
## --------- ##

hostname = Retina.local
uname -m = x86_64
uname -r = 13.2.0
uname -s = Darwin
uname -v = Darwin Kernel Version 13.2.0: Thu Apr 17 23:03:13 PDT 2014; root:xnu-2422.100.13~1/RELEASE_X86_64

/usr/bin/uname -p = i386
/bin/uname -X     = unknown

/bin/arch              = unknown
/usr/bin/arch -k       = unknown
/usr/convex/getsysinfo = unknown
/usr/bin/hostinfo      = Mach kernel version:
	 Darwin Kernel Version 13.2.0: Thu Apr 17 23:03:13 PDT 2014; root:xnu-2422.100.13~1/RELEASE_X86_64
Kernel configured for up to 4 processors.
2 processors are physically available.
4 processors are logically available.
Processor type: i486 (Intel 80486)
Processors active: 0 1 2 3
Primary memory available: 8.00 gigabytes
Default processor set: 205 tasks, 925 threads, 4 processors
Load average: 1.74, Mach factor: 2.25
/bin/machine           = unknown
/usr/bin/oslevel       = unknown
/bin/universe          = unknown

PATH: /Users/ptseng/Developer/fltk/bin
PATH: /usr/local/javacc/bin
PATH: /usr/local/jflex/bin
PATH: /Users/ptseng/Developer/Blitztools
PATH: /usr/local/heroku/bin
PATH: /usr/local/var/rbenv/shims
PATH: /usr/local/bin
PATH: /usr/bin
PATH: /bin
PATH: /usr/sbin
PATH: /sbin
PATH: /opt/X11/bin
PATH: /usr/local/git/bin
PATH: /usr/texbin
PATH: RBENV_ROOT/shims
PATH: /usr/local/bin
PATH: /usr/local/sbin
PATH: /usr/bin
PATH: /Users/ptseng/bin
PATH: /usr/local/var/rbenv/shims
PATH: /usr/local/bin
PATH: /usr/bin
PATH: /bin
PATH: /usr/sbin
PATH: /sbin
PATH: /opt/X11/bin
PATH: /usr/local/git/bin
PATH: /usr/texbin


## ----------- ##
## Core tests. ##
## ----------- ##

configure:1985: checking for a BSD-compatible install
configure:2041: result: /usr/bin/install -c
configure:2052: checking whether build environment is sane
configure:2095: result: yes
configure:2152: checking for gawk
configure:2182: result: no
configure:2152: checking for mawk
configure:2182: result: no
configure:2152: checking for nawk
configure:2182: result: no
configure:2152: checking for awk
configure:2168: found /usr/bin/awk
configure:2179: result: awk
configure:2190: checking whether make sets $(MAKE)
configure:2211: result: yes
configure:2431: checking for gcc
configure:2447: found /usr/local/bin/gcc
configure:2458: result: gcc
configure:2696: checking for C compiler version
configure:2703: gcc --version >&5
gcc (GCC) 4.8.3
Copyright (C) 2013 Free Software Foundation, Inc.
This is free software; see the source for copying conditions.  There is NO
warranty; not even for MERCHANTABILITY or FITNESS FOR A PARTICULAR PURPOSE.

configure:2706: $? = 0
configure:2713: gcc -v >&5
Using built-in specs.
COLLECT_GCC=gcc
COLLECT_LTO_WRAPPER=/usr/local/Cellar/gcc/4.8.3/libexec/gcc/x86_64-apple-darwin13.2.0/4.8.3/lto-wrapper
Target: x86_64-apple-darwin13.2.0
Configured with: ../configure --build=x86_64-apple-darwin13.2.0 --prefix=/usr/local/Cellar/gcc/4.8.3 --enable-languages=c,c++,objc,obj-c++,fortran --with-gmp=/usr/local/opt/gmp --with-mpfr=/usr/local/opt/mpfr --with-mpc=/usr/local/opt/libmpc --with-cloog=/usr/local/opt/cloog --with-isl=/usr/local/opt/isl --with-system-zlib --enable-version-specific-runtime-libs --enable-libstdcxx-time=yes --enable-stage1-checking --enable-checking=release --enable-lto --disable-werror --enable-plugin --disable-nls --enable-multilib
Thread model: posix
gcc version 4.8.3 (GCC) 
configure:2716: $? = 0
configure:2723: gcc -V >&5
gcc: error: unrecognized command line option '-V'
gcc: fatal error: no input files
compilation terminated.
configure:2726: $? = 1
configure:2749: checking for C compiler default output file name
configure:2776: gcc    conftest.c  >&5
configure:2779: $? = 0
configure:2817: result: a.out
configure:2834: checking whether the C compiler works
configure:2844: ./a.out
configure:2847: $? = 0
configure:2864: result: yes
configure:2871: checking whether we are cross compiling
configure:2873: result: no
configure:2876: checking for suffix of executables
configure:2883: gcc -o conftest    conftest.c  >&5
configure:2886: $? = 0
configure:2910: result: 
configure:2916: checking for suffix of object files
configure:2942: gcc -c   conftest.c >&5
configure:2945: $? = 0
configure:2968: result: o
configure:2972: checking whether we are using the GNU C compiler
configure:3001: gcc -c   conftest.c >&5
configure:3007: $? = 0
configure:3024: result: yes
configure:3029: checking whether gcc accepts -g
configure:3059: gcc -c -g  conftest.c >&5
configure:3065: $? = 0
configure:3164: result: yes
configure:3181: checking for gcc option to accept ISO C89
configure:3255: gcc  -c -g -O2  conftest.c >&5
configure:3261: $? = 0
configure:3284: result: none needed
configure:3313: checking for style of include used by make
configure:3341: result: GNU
configure:3369: checking dependency style of gcc
configure:3459: result: gcc3
configure:3534: checking for g++
configure:3550: found /usr/local/bin/g++
configure:3561: result: g++
configure:3592: checking for C++ compiler version
configure:3599: g++ --version >&5
g++ (GCC) 4.8.3
Copyright (C) 2013 Free Software Foundation, Inc.
This is free software; see the source for copying conditions.  There is NO
warranty; not even for MERCHANTABILITY or FITNESS FOR A PARTICULAR PURPOSE.

configure:3602: $? = 0
configure:3609: g++ -v >&5
Using built-in specs.
COLLECT_GCC=g++
COLLECT_LTO_WRAPPER=/usr/local/Cellar/gcc/4.8.3/libexec/gcc/x86_64-apple-darwin13.2.0/4.8.3/lto-wrapper
Target: x86_64-apple-darwin13.2.0
Configured with: ../configure --build=x86_64-apple-darwin13.2.0 --prefix=/usr/local/Cellar/gcc/4.8.3 --enable-languages=c,c++,objc,obj-c++,fortran --with-gmp=/usr/local/opt/gmp --with-mpfr=/usr/local/opt/mpfr --with-mpc=/usr/local/opt/libmpc --with-cloog=/usr/local/opt/cloog --with-isl=/usr/local/opt/isl --with-system-zlib --enable-version-specific-runtime-libs --enable-libstdcxx-time=yes --enable-stage1-checking --enable-checking=release --enable-lto --disable-werror --enable-plugin --disable-nls --enable-multilib
Thread model: posix
gcc version 4.8.3 (GCC) 
configure:3612: $? = 0
configure:3619: g++ -V >&5
g++: error: unrecognized command line option '-V'
g++: fatal error: no input files
compilation terminated.
configure:3622: $? = 1
configure:3625: checking whether we are using the GNU C++ compiler
configure:3654: g++ -c   conftest.cpp >&5
configure:3660: $? = 0
configure:3677: result: yes
configure:3682: checking whether g++ accepts -g
configure:3712: g++ -c -g  conftest.cpp >&5
configure:3718: $? = 0
configure:3817: result: yes
configure:3842: checking dependency style of g++
configure:3932: result: gcc3
configure:4027: checking build system type
configure:4045: result: i386-apple-darwin13.2.0
configure:4067: checking host system type
configure:4082: result: i386-apple-darwin13.2.0
configure:4104: checking for a sed that does not truncate output
configure:4160: result: /usr/bin/sed
configure:4163: checking for grep that handles long lines and -e
configure:4237: result: /usr/bin/grep
configure:4242: checking for egrep
configure:4320: result: /usr/bin/grep -E
configure:4336: checking for ld used by gcc
configure:4403: result: /usr/bin/ld
configure:4412: checking if the linker (/usr/bin/ld) is GNU ld
configure:4427: result: no
configure:4432: checking for /usr/bin/ld option to reload object files
configure:4439: result: -r
configure:4457: checking for BSD-compatible nm
configure:4506: result: /usr/bin/nm
configure:4510: checking whether ln -s works
configure:4514: result: yes
configure:4521: checking how to recognize dependent libraries
configure:4707: result: pass_all
configure:4952: checking how to run the C preprocessor
configure:4992: gcc -E  conftest.c
configure:4998: $? = 0
configure:5029: gcc -E  conftest.c
conftest.c:8:28: fatal error: ac_nonexistent.h: No such file or directory
 #include <ac_nonexistent.h>
                            ^
compilation terminated.
configure:5035: $? = 1
configure: failed program was:
| /* confdefs.h.  */
| #define PACKAGE_NAME "C Algorithms"
| #define PACKAGE_TARNAME "c-algorithms"
| #define PACKAGE_VERSION "1.2.0"
| #define PACKAGE_STRING "C Algorithms 1.2.0"
| #define PACKAGE_BUGREPORT "fraggle@users.sourceforge.net"
| /* end confdefs.h.  */
| #include <ac_nonexistent.h>
configure:5068: result: gcc -E
configure:5097: gcc -E  conftest.c
configure:5103: $? = 0
configure:5134: gcc -E  conftest.c
conftest.c:8:28: fatal error: ac_nonexistent.h: No such file or directory
 #include <ac_nonexistent.h>
                            ^
compilation terminated.
configure:5140: $? = 1
configure: failed program was:
| /* confdefs.h.  */
| #define PACKAGE_NAME "C Algorithms"
| #define PACKAGE_TARNAME "c-algorithms"
| #define PACKAGE_VERSION "1.2.0"
| #define PACKAGE_STRING "C Algorithms 1.2.0"
| #define PACKAGE_BUGREPORT "fraggle@users.sourceforge.net"
| /* end confdefs.h.  */
| #include <ac_nonexistent.h>
configure:5178: checking for ANSI C header files
configure:5208: gcc -c -g -O2  conftest.c >&5
configure:5214: $? = 0
configure:5313: gcc -o conftest -g -O2   conftest.c  >&5
configure:5316: $? = 0
configure:5322: ./conftest
configure:5325: $? = 0
configure:5342: result: yes
configure:5366: checking for sys/types.h
configure:5387: gcc -c -g -O2  conftest.c >&5
configure:5393: $? = 0
configure:5409: result: yes
configure:5366: checking for sys/stat.h
configure:5387: gcc -c -g -O2  conftest.c >&5
configure:5393: $? = 0
configure:5409: result: yes
configure:5366: checking for stdlib.h
configure:5387: gcc -c -g -O2  conftest.c >&5
configure:5393: $? = 0
configure:5409: result: yes
configure:5366: checking for string.h
configure:5387: gcc -c -g -O2  conftest.c >&5
configure:5393: $? = 0
configure:5409: result: yes
configure:5366: checking for memory.h
configure:5387: gcc -c -g -O2  conftest.c >&5
configure:5393: $? = 0
configure:5409: result: yes
configure:5366: checking for strings.h
configure:5387: gcc -c -g -O2  conftest.c >&5
configure:5393: $? = 0
configure:5409: result: yes
configure:5366: checking for inttypes.h
configure:5387: gcc -c -g -O2  conftest.c >&5
configure:5393: $? = 0
configure:5409: result: yes
configure:5366: checking for stdint.h
configure:5387: gcc -c -g -O2  conftest.c >&5
configure:5393: $? = 0
configure:5409: result: yes
configure:5366: checking for unistd.h
configure:5387: gcc -c -g -O2  conftest.c >&5
configure:5393: $? = 0
configure:5409: result: yes
configure:5436: checking dlfcn.h usability
configure:5453: gcc -c -g -O2  conftest.c >&5
configure:5459: $? = 0
configure:5473: result: yes
configure:5477: checking dlfcn.h presence
configure:5492: gcc -E  conftest.c
configure:5498: $? = 0
configure:5512: result: yes
configure:5545: checking for dlfcn.h
configure:5553: result: yes
configure:5576: checking how to run the C++ preprocessor
configure:5612: g++ -E  conftest.cpp
configure:5618: $? = 0
configure:5649: g++ -E  conftest.cpp
conftest.cpp:19:28: fatal error: ac_nonexistent.h: No such file or directory
 #include <ac_nonexistent.h>
                            ^
compilation terminated.
configure:5655: $? = 1
configure: failed program was:
| /* confdefs.h.  */
| #define PACKAGE_NAME "C Algorithms"
| #define PACKAGE_TARNAME "c-algorithms"
| #define PACKAGE_VERSION "1.2.0"
| #define PACKAGE_STRING "C Algorithms 1.2.0"
| #define PACKAGE_BUGREPORT "fraggle@users.sourceforge.net"
| #define STDC_HEADERS 1
| #define HAVE_SYS_TYPES_H 1
| #define HAVE_SYS_STAT_H 1
| #define HAVE_STDLIB_H 1
| #define HAVE_STRING_H 1
| #define HAVE_MEMORY_H 1
| #define HAVE_STRINGS_H 1
| #define HAVE_INTTYPES_H 1
| #define HAVE_STDINT_H 1
| #define HAVE_UNISTD_H 1
| #define HAVE_DLFCN_H 1
| /* end confdefs.h.  */
| #include <ac_nonexistent.h>
configure:5688: result: g++ -E
configure:5717: g++ -E  conftest.cpp
configure:5723: $? = 0
configure:5754: g++ -E  conftest.cpp
conftest.cpp:19:28: fatal error: ac_nonexistent.h: No such file or directory
 #include <ac_nonexistent.h>
                            ^
compilation terminated.
configure:5760: $? = 1
configure: failed program was:
| /* confdefs.h.  */
| #define PACKAGE_NAME "C Algorithms"
| #define PACKAGE_TARNAME "c-algorithms"
| #define PACKAGE_VERSION "1.2.0"
| #define PACKAGE_STRING "C Algorithms 1.2.0"
| #define PACKAGE_BUGREPORT "fraggle@users.sourceforge.net"
| #define STDC_HEADERS 1
| #define HAVE_SYS_TYPES_H 1
| #define HAVE_SYS_STAT_H 1
| #define HAVE_STDLIB_H 1
| #define HAVE_STRING_H 1
| #define HAVE_MEMORY_H 1
| #define HAVE_STRINGS_H 1
| #define HAVE_INTTYPES_H 1
| #define HAVE_STDINT_H 1
| #define HAVE_UNISTD_H 1
| #define HAVE_DLFCN_H 1
| /* end confdefs.h.  */
| #include <ac_nonexistent.h>
configure:5853: checking for g77
configure:5883: result: no
configure:5853: checking for xlf
configure:5883: result: no
configure:5853: checking for f77
configure:5883: result: no
configure:5853: checking for frt
configure:5883: result: no
configure:5853: checking for pgf77
configure:5883: result: no
configure:5853: checking for cf77
configure:5883: result: no
configure:5853: checking for fort77
configure:5883: result: no
configure:5853: checking for fl32
configure:5883: result: no
configure:5853: checking for af77
configure:5883: result: no
configure:5853: checking for xlf90
configure:5883: result: no
configure:5853: checking for f90
configure:5883: result: no
configure:5853: checking for pgf90
configure:5883: result: no
configure:5853: checking for pghpf
configure:5883: result: no
configure:5853: checking for epcf90
configure:5883: result: no
configure:5853: checking for gfortran
configure:5869: found /usr/local/bin/gfortran
configure:5880: result: gfortran
configure:5910: checking for Fortran 77 compiler version
configure:5917: gfortran --version >&5
GNU Fortran (GCC) 4.8.3
Copyright (C) 2013 Free Software Foundation, Inc.

GNU Fortran comes with NO WARRANTY, to the extent permitted by law.
You may redistribute copies of GNU Fortran
under the terms of the GNU General Public License.
For more information about these matters, see the file named COPYING

configure:5920: $? = 0
configure:5927: gfortran -v >&5
Using built-in specs.
COLLECT_GCC=gfortran
COLLECT_LTO_WRAPPER=/usr/local/Cellar/gcc/4.8.3/libexec/gcc/x86_64-apple-darwin13.2.0/4.8.3/lto-wrapper
Target: x86_64-apple-darwin13.2.0
Configured with: ../configure --build=x86_64-apple-darwin13.2.0 --prefix=/usr/local/Cellar/gcc/4.8.3 --enable-languages=c,c++,objc,obj-c++,fortran --with-gmp=/usr/local/opt/gmp --with-mpfr=/usr/local/opt/mpfr --with-mpc=/usr/local/opt/libmpc --with-cloog=/usr/local/opt/cloog --with-isl=/usr/local/opt/isl --with-system-zlib --enable-version-specific-runtime-libs --enable-libstdcxx-time=yes --enable-stage1-checking --enable-checking=release --enable-lto --disable-werror --enable-plugin --disable-nls --enable-multilib
Thread model: posix
gcc version 4.8.3 (GCC) 
configure:5930: $? = 0
configure:5937: gfortran -V >&5
gfortran: error: unrecognized command line option '-V'
gfortran: fatal error: no input files
compilation terminated.
configure:5940: $? = 1
configure:5948: checking whether we are using the GNU Fortran 77 compiler
configure:5967: gfortran -c  conftest.F >&5
configure:5973: $? = 0
configure:5990: result: yes
configure:5996: checking whether gfortran accepts -g
configure:6013: gfortran -c -g conftest.f >&5
configure:6019: $? = 0
configure:6035: result: yes
configure:6064: checking the maximum length of command line arguments
configure:6176: result: 196608
configure:6188: checking command to parse /usr/bin/nm output from gcc object
configure:6293: gcc -c -g -O2  conftest.c >&5
configure:6296: $? = 0
configure:6300: /usr/bin/nm conftest.o \| sed -n -e 's/^.*[ 	]\([BCDEGRST][BCDEGRST]*\)[ 	][ 	]*\([_A-Za-z][_A-Za-z0-9]*\)$/\1 \2 \2/p' \> conftest.nm
configure:6303: $? = 0
cannot find nm_test_var in conftest.nm
configure:6293: gcc -c -g -O2  conftest.c >&5
configure:6296: $? = 0
configure:6300: /usr/bin/nm conftest.o \| sed -n -e 's/^.*[ 	]\([BCDEGRST][BCDEGRST]*\)[ 	][ 	]*_\([_A-Za-z][_A-Za-z0-9]*\)$/\1 _\2 \2/p' \> conftest.nm
configure:6303: $? = 0
configure:6355: gcc -o conftest -g -O2   conftest.c conftstm.o >&5
configure:6358: $? = 0
configure:6396: result: ok
configure:6400: checking for objdir
configure:6415: result: .libs
configure:6507: checking for ar
configure:6523: found /usr/bin/ar
configure:6534: result: ar
configure:6603: checking for ranlib
configure:6619: found /usr/bin/ranlib
configure:6630: result: ranlib
configure:6699: checking for strip
configure:6715: found /usr/bin/strip
configure:6726: result: strip
configure:6983: checking for dsymutil
configure:6999: found /usr/bin/dsymutil
configure:7010: result: dsymutil
configure:7079: checking for nmedit
configure:7095: found /usr/bin/nmedit
configure:7106: result: nmedit
configure:7133: checking for -single_module linker flag
configure:7154: result: yes
configure:7156: checking for -exported_symbols_list linker flag
configure:7186: gcc -o conftest -g -O2   -Wl,-exported_symbols_list,conftest.sym conftest.c  >&5
configure:7192: $? = 0
configure:7211: result: yes
configure:7324: checking if gcc supports -fno-rtti -fno-exceptions
configure:7342: gcc -c -g -O2  -fno-rtti -fno-exceptions conftest.c >&5
cc1: warning: command line option '-fno-rtti' is valid for C++/ObjC++ but not for C [enabled by default]
configure:7346: $? = 0
configure:7359: result: no
configure:7374: checking for gcc option to produce PIC
configure:7606: result: -fno-common
configure:7614: checking if gcc PIC flag -fno-common works
configure:7632: gcc -c -g -O2  -fno-common -DPIC conftest.c >&5
configure:7636: $? = 0
configure:7649: result: yes
configure:7677: checking if gcc static flag -static works
configure:7705: result: no
configure:7715: checking if gcc supports -c -o file.o
configure:7736: gcc -c -g -O2  -o out/conftest2.o conftest.c >&5
configure:7740: $? = 0
configure:7762: result: yes
configure:7788: checking whether the gcc linker (/usr/bin/ld) supports shared libraries
configure:8769: result: yes
configure:8836: checking dynamic linker characteristics
configure:9450: result: darwin13.2.0 dyld
configure:9474: checking how to hardcode library paths into programs
configure:9499: result: immediate
configure:9513: checking whether stripping libraries is possible
configure:9527: result: yes
configure:10320: checking if libtool supports shared libraries
configure:10322: result: yes
configure:10325: checking whether to build shared libraries
configure:10346: result: yes
configure:10349: checking whether to build static libraries
configure:10353: result: yes
configure:10447: creating libtool
configure:11040: checking for ld used by g++
configure:11107: result: /usr/bin/ld
configure:11116: checking if the linker (/usr/bin/ld) is GNU ld
configure:11131: result: no
configure:11182: checking whether the g++ linker (/usr/bin/ld) supports shared libraries
configure:12128: result: yes
configure:12145: g++ -c -g -O2  conftest.cpp >&5
configure:12148: $? = 0
configure:12304: checking for g++ option to produce PIC
configure:12588: result: -fno-common
configure:12596: checking if g++ PIC flag -fno-common works
configure:12614: g++ -c -g -O2  -fno-common -DPIC conftest.cpp >&5
configure:12618: $? = 0
configure:12631: result: yes
configure:12659: checking if g++ static flag -static works
configure:12687: result: no
configure:12697: checking if g++ supports -c -o file.o
configure:12718: g++ -c -g -O2  -o out/conftest2.o conftest.cpp >&5
configure:12722: $? = 0
configure:12744: result: yes
configure:12770: checking whether the g++ linker (/usr/bin/ld) supports shared libraries
configure:12799: result: yes
configure:12866: checking dynamic linker characteristics
configure:13428: result: darwin13.2.0 dyld
configure:13452: checking how to hardcode library paths into programs
configure:13477: result: immediate
configure:14016: checking if libtool supports shared libraries
configure:14018: result: yes
configure:14021: checking whether to build shared libraries
configure:14041: result: yes
configure:14044: checking whether to build static libraries
configure:14048: result: yes
configure:14058: checking for gfortran option to produce PIC
configure:14290: result: -fno-common
configure:14298: checking if gfortran PIC flag -fno-common works
configure:14316: gfortran -c -g -O2 -fno-common conftest.f >&5
configure:14320: $? = 0
configure:14333: result: yes
configure:14361: checking if gfortran static flag -static works
configure:14389: result: no
configure:14399: checking if gfortran supports -c -o file.o
configure:14420: gfortran -c -g -O2 -o out/conftest2.o conftest.f >&5
configure:14424: $? = 0
configure:14446: result: yes
configure:14472: checking whether the gfortran linker (/usr/bin/ld) supports shared libraries
configure:15433: result: yes
configure:15500: checking dynamic linker characteristics
configure:16062: result: darwin13.2.0 dyld
configure:16086: checking how to hardcode library paths into programs
configure:16111: result: immediate
configure:19737: checking for a BSD-compatible install
configure:19793: result: /usr/bin/install -c
configure:19804: checking whether make sets $(MAKE)
configure:19825: result: yes
configure:20079: creating ./config.status

## ---------------------- ##
## Running config.status. ##
## ---------------------- ##

This file was extended by C Algorithms config.status 1.2.0, which was
generated by GNU Autoconf 2.61.  Invocation command line was

  CONFIG_FILES    = 
  CONFIG_HEADERS  = 
  CONFIG_LINKS    = 
  CONFIG_COMMANDS = 
  $ ./config.status 

on Retina.local

config.status:670: creating Makefile
config.status:670: creating libcalg-1.0.pc
config.status:670: creating doc/Makefile
config.status:670: creating src/Makefile
config.status:670: creating test/Makefile
config.status:670: creating config.h
config.status:889: config.h is unchanged
config.status:935: executing depfiles commands

## ---------------- ##
## Cache variables. ##
## ---------------- ##

ac_cv_build=i386-apple-darwin13.2.0
ac_cv_c_compiler_gnu=yes
ac_cv_cxx_compiler_gnu=yes
ac_cv_env_CCC_set=
ac_cv_env_CCC_value=
ac_cv_env_CC_set=
ac_cv_env_CC_value=
ac_cv_env_CFLAGS_set=
ac_cv_env_CFLAGS_value=
ac_cv_env_CPPFLAGS_set=
ac_cv_env_CPPFLAGS_value=
ac_cv_env_CPP_set=
ac_cv_env_CPP_value=
ac_cv_env_CXXCPP_set=
ac_cv_env_CXXCPP_value=
ac_cv_env_CXXFLAGS_set=
ac_cv_env_CXXFLAGS_value=
ac_cv_env_CXX_set=
ac_cv_env_CXX_value=
ac_cv_env_F77_set=
ac_cv_env_F77_value=
ac_cv_env_FFLAGS_set=
ac_cv_env_FFLAGS_value=
ac_cv_env_LDFLAGS_set=
ac_cv_env_LDFLAGS_value=
ac_cv_env_LIBS_set=
ac_cv_env_LIBS_value=
ac_cv_env_build_alias_set=
ac_cv_env_build_alias_value=
ac_cv_env_host_alias_set=
ac_cv_env_host_alias_value=
ac_cv_env_target_alias_set=
ac_cv_env_target_alias_value=
ac_cv_f77_compiler_gnu=yes
ac_cv_header_dlfcn_h=yes
ac_cv_header_inttypes_h=yes
ac_cv_header_memory_h=yes
ac_cv_header_stdc=yes
ac_cv_header_stdint_h=yes
ac_cv_header_stdlib_h=yes
ac_cv_header_string_h=yes
ac_cv_header_strings_h=yes
ac_cv_header_sys_stat_h=yes
ac_cv_header_sys_types_h=yes
ac_cv_header_unistd_h=yes
ac_cv_host=i386-apple-darwin13.2.0
ac_cv_objext=o
ac_cv_path_EGREP='/usr/bin/grep -E'
ac_cv_path_GREP=/usr/bin/grep
ac_cv_path_install='/usr/bin/install -c'
ac_cv_prog_AWK=awk
ac_cv_prog_CPP='gcc -E'
ac_cv_prog_CXXCPP='g++ -E'
ac_cv_prog_ac_ct_AR=ar
ac_cv_prog_ac_ct_CC=gcc
ac_cv_prog_ac_ct_CXX=g++
ac_cv_prog_ac_ct_DSYMUTIL=dsymutil
ac_cv_prog_ac_ct_F77=gfortran
ac_cv_prog_ac_ct_NMEDIT=nmedit
ac_cv_prog_ac_ct_RANLIB=ranlib
ac_cv_prog_ac_ct_STRIP=strip
ac_cv_prog_cc_c89=
ac_cv_prog_cc_g=yes
ac_cv_prog_cxx_g=yes
ac_cv_prog_f77_g=yes
ac_cv_prog_make_make_set=yes
am_cv_CC_dependencies_compiler_type=gcc3
am_cv_CXX_dependencies_compiler_type=gcc3
lt_cv_apple_cc_single_mod=yes
lt_cv_deplibs_check_method=pass_all
lt_cv_file_magic_cmd='$MAGIC_CMD'
lt_cv_file_magic_test_file=
lt_cv_ld_exported_symbols_list=yes
lt_cv_ld_reload_flag=-r
lt_cv_objdir=.libs
lt_cv_path_LD=/usr/bin/ld
lt_cv_path_LDCXX=/usr/bin/ld
lt_cv_path_NM=/usr/bin/nm
lt_cv_path_SED=/usr/bin/sed
lt_cv_prog_compiler_c_o=yes
lt_cv_prog_compiler_c_o_CXX=yes
lt_cv_prog_compiler_c_o_F77=yes
lt_cv_prog_compiler_pic_works=yes
lt_cv_prog_compiler_pic_works_CXX=yes
lt_cv_prog_compiler_pic_works_F77=yes
lt_cv_prog_compiler_rtti_exceptions=no
lt_cv_prog_compiler_static_works=no
lt_cv_prog_compiler_static_works_CXX=no
lt_cv_prog_compiler_static_works_F77=no
lt_cv_prog_gnu_ld=no
lt_cv_prog_gnu_ldcxx=no
lt_cv_sys_global_symbol_pipe='sed -n -e '\''s/^.*[ 	]\([BCDEGRST][BCDEGRST]*\)[ 	][ 	]*_\([_A-Za-z][_A-Za-z0-9]*\)$/\1 _\2 \2/p'\'''
lt_cv_sys_global_symbol_to_c_name_address='sed -n -e '\''s/^: \([^ ]*\) $/  {\"\1\", (lt_ptr) 0},/p'\'' -e '\''s/^[BCDEGRST] \([^ ]*\) \([^ ]*\)$/  {"\2", (lt_ptr) \&\2},/p'\'''
lt_cv_sys_global_symbol_to_cdecl='sed -n -e '\''s/^. .* \(.*\)$/extern int \1;/p'\'''
lt_cv_sys_lib_dlsearch_path_spec='/usr/local/lib /lib /usr/lib'
lt_cv_sys_lib_search_path_spec='/usr/local/Cellar/gcc/4.8.3/lib/gcc/x86_64-apple-darwin13.2.0/4.8.3 /usr/local/Cellar/gcc/4.8.3/lib /usr/lib /usr/local/lib'
lt_cv_sys_max_cmd_len=196608
lt_lt_cv_prog_compiler_c_o='"yes"'
lt_lt_cv_prog_compiler_c_o_CXX='"yes"'
lt_lt_cv_prog_compiler_c_o_F77='"yes"'
lt_lt_cv_sys_global_symbol_pipe='"sed -n -e '\''s/^.*[ 	]\\([BCDEGRST][BCDEGRST]*\\)[ 	][ 	]*_\\([_A-Za-z][_A-Za-z0-9]*\\)\$/\\1 _\\2 \\2/p'\''"'
lt_lt_cv_sys_global_symbol_to_c_name_address='"sed -n -e '\''s/^: \\([^ ]*\\) \$/  {\\\"\\1\\\", (lt_ptr) 0},/p'\'' -e '\''s/^[BCDEGRST] \\([^ ]*\\) \\([^ ]*\\)\$/  {\"\\2\", (lt_ptr) \\&\\2},/p'\''"'
lt_lt_cv_sys_global_symbol_to_cdecl='"sed -n -e '\''s/^. .* \\(.*\\)\$/extern int \\1;/p'\''"'

## ----------------- ##
## Output variables. ##
## ----------------- ##

ACLOCAL='${SHELL} /Users/ptseng/Downloads/c-algorithms-1.2.0/autotools/missing --run aclocal-1.8'
AMDEPBACKSLASH='\'
AMDEP_FALSE='#'
AMDEP_TRUE=''
AMTAR='${SHELL} /Users/ptseng/Downloads/c-algorithms-1.2.0/autotools/missing --run tar'
AR='ar'
AUTOCONF='${SHELL} /Users/ptseng/Downloads/c-algorithms-1.2.0/autotools/missing --run autoconf'
AUTOHEADER='${SHELL} /Users/ptseng/Downloads/c-algorithms-1.2.0/autotools/missing --run autoheader'
AUTOMAKE='${SHELL} /Users/ptseng/Downloads/c-algorithms-1.2.0/autotools/missing --run automake-1.8'
AWK='awk'
CC='gcc'
CCDEPMODE='depmode=gcc3'
CFLAGS=''
CPP='gcc -E'
CPPFLAGS=''
CXX='g++'
CXXCPP='g++ -E'
CXXDEPMODE='depmode=gcc3'
CXXFLAGS='-g -O2'
CYGPATH_W='echo'
DEFS='-DHAVE_CONFIG_H'
DEPDIR='.deps'
DSYMUTIL='dsymutil'
ECHO='/bin/echo'
ECHO_C='ECHO_N=''
ECHO_T=''
EGREP='/usr/bin/grep -E'
EXEEXT=''
F77='gfortran'
FFLAGS='-g -O2'
GREP='/usr/bin/grep'
HAVE_VALGRIND=''
INSTALL_DATA='${INSTALL} -m 644'
INSTALL_PROGRAM='${INSTALL}'
INSTALL_SCRIPT='${INSTALL}'
INSTALL_STRIP_PROGRAM='${SHELL} $(install_sh) -c -s'
LDFLAGS=''
LIBOBJS=''
LIBS=''
LIBTOOL='$(SHELL) $(top_builddir)/libtool'
LN_S='ln -s'
LTLIBOBJS=''
MAIN_CFLAGS='-g -O2 -Wall'
MAKEINFO='${SHELL} /Users/ptseng/Downloads/c-algorithms-1.2.0/autotools/missing --run makeinfo'
NMEDIT='nmedit'
OBJEXT='o'
PACKAGE='c-algorithms'
PACKAGE_BUGREPORT='fraggle@users.sourceforge.net'
PACKAGE_NAME='C Algorithms'
PACKAGE_STRING='C Algorithms 1.2.0'
PACKAGE_TARNAME='c-algorithms'
PACKAGE_VERSION='1.2.0'
PATH_SEPARATOR=':'
RANLIB='ranlib'
SED='/usr/bin/sed'
SET_MAKE=''
SHELL='/bin/sh'
STRIP='strip'
TEST_CFLAGS=' -Wall -O0'
USE_VALGRIND_FALSE=''
USE_VALGRIND_TRUE='#'
VERSION='1.2.0'
ac_aux_dir='autotools'
ac_ct_CC='gcc'
ac_ct_CXX='g++'
ac_ct_F77='gfortran'
am__fastdepCC_FALSE='#'
am__fastdepCC_TRUE=''
am__fastdepCXX_FALSE='#'
am__fastdepCXX_TRUE=''
am__include='include'
am__leading_dot='.'
am__quote=''
bindir='${exec_prefix}/bin'
build='i386-apple-darwin13.2.0'
build_alias=''
build_cpu='i386'
build_os='darwin13.2.0'
build_vendor='apple'
datadir='${datarootdir}'
datarootdir='${prefix}/share'
docdir='${datarootdir}/doc/${PACKAGE_TARNAME}'
dvidir='${docdir}'
exec_prefix='${prefix}'
host='i386-apple-darwin13.2.0'
host_alias=''
host_cpu='i386'
host_os='darwin13.2.0'
host_vendor='apple'
htmldir='${docdir}'
includedir='${prefix}/include'
infodir='${datarootdir}/info'
install_sh='/Users/ptseng/Downloads/c-algorithms-1.2.0/autotools/install-sh'
libdir='${exec_prefix}/lib'
libexecdir='${exec_prefix}/libexec'
localedir='${datarootdir}/locale'
localstatedir='${prefix}/var'
mandir='${datarootdir}/man'
mkdir_p='$(install_sh) -d'
oldincludedir='/usr/include'
pdfdir='${docdir}'
prefix='/usr/local'
program_transform_name='s,x,x,'
psdir='${docdir}'
sbindir='${exec_prefix}/sbin'
sharedstatedir='${prefix}/com'
sysconfdir='${prefix}/etc'
target_alias=''

## ----------- ##
## confdefs.h. ##
## ----------- ##

#define PACKAGE_NAME "C Algorithms"
#define PACKAGE_TARNAME "c-algorithms"
#define PACKAGE_VERSION "1.2.0"
#define PACKAGE_STRING "C Algorithms 1.2.0"
#define PACKAGE_BUGREPORT "fraggle@users.sourceforge.net"
#define STDC_HEADERS 1
#define HAVE_SYS_TYPES_H 1
#define HAVE_SYS_STAT_H 1
#define HAVE_STDLIB_H 1
#define HAVE_STRING_H 1
#define HAVE_MEMORY_H 1
#define HAVE_STRINGS_H 1
#define HAVE_INTTYPES_H 1
#define HAVE_STDINT_H 1
#define HAVE_UNISTD_H 1
#define HAVE_DLFCN_H 1

configure: exit 0
